[07-03-2021 12:35:25] [DEBUG] sql - Executing (default): INSERT INTO `Users` (`id`,`firstName`,`lastName`,`favourite_movies`,`authenticated`,`createdAt`) VALUES (NULL,'Anona','Cruz','tt0848228,tt4154756,tt2395427,tt4154796',true,'2021-03-07 12:35:25'),(NULL,'Camilla','Sayer','tt4154756,tt10515848,tt0120575',false,'2021-03-07 12:35:25'),(NULL,'Ganesh','Zentai','tt0287871,tt2975590,tt0103776,tt4116284,tt2313197',false,'2021-03-07 12:35:25'),(NULL,'Vivien','Straub','tt0926084,tt0417741',false,'2021-03-07 12:35:25'),(NULL,'Bernardita','Bishop','tt0389860',false,'2021-03-07 12:35:25');

[07-03-2021 12:35:25] [DEBUG] sql - Executing (default): CREATE TABLE IF NOT EXISTS `Users` (`id` INTEGER NOT NULL auto_increment , `firstName` VARCHAR(255) NOT NULL, `lastName` VARCHAR(255) NOT NULL, `favourite_movies` VARCHAR(255), `authenticated` TINYINT(1) NOT NULL, `createdAt` DATETIME NOT NULL, PRIMARY KEY (`id`)) ENGINE=InnoDB;

[07-03-2021 12:35:25] [DEBUG] sql - Executing (default): SHOW FULL COLUMNS FROM `Users`;

[07-03-2021 12:35:25] [DEBUG] sql - Executing (default): SELECT CONSTRAINT_NAME as constraint_name,CONSTRAINT_NAME as constraintName,CONSTRAINT_SCHEMA as constraintSchema,CONSTRAINT_SCHEMA as constraintCatalog,TABLE_NAME as tableName,TABLE_SCHEMA as tableSchema,TABLE_SCHEMA as tableCatalog,COLUMN_NAME as columnName,REFERENCED_TABLE_SCHEMA as referencedTableSchema,REFERENCED_TABLE_SCHEMA as referencedTableCatalog,REFERENCED_TABLE_NAME as referencedTableName,REFERENCED_COLUMN_NAME as referencedColumnName FROM INFORMATION_SCHEMA.KEY_COLUMN_USAGE where TABLE_NAME = 'Users' AND CONSTRAINT_NAME!='PRIMARY' AND CONSTRAINT_SCHEMA='movie-app' AND REFERENCED_TABLE_NAME IS NOT NULL;

[07-03-2021 12:35:25] [DEBUG] sql - Executing (default): ALTER TABLE `Users` CHANGE `firstName` `firstName` VARCHAR(255) NOT NULL;

[07-03-2021 12:35:25] [DEBUG] sql - Executing (default): ALTER TABLE `Users` CHANGE `lastName` `lastName` VARCHAR(255) NOT NULL;

[07-03-2021 12:35:25] [DEBUG] sql - Executing (default): ALTER TABLE `Users` CHANGE `favourite_movies` `favourite_movies` VARCHAR(255);

[07-03-2021 12:35:25] [DEBUG] sql - Executing (default): ALTER TABLE `Users` CHANGE `authenticated` `authenticated` TINYINT(1) NOT NULL;

[07-03-2021 12:35:25] [DEBUG] sql - Executing (default): ALTER TABLE `Users` CHANGE `createdAt` `createdAt` DATETIME NOT NULL;

[07-03-2021 12:35:25] [DEBUG] sql - Executing (default): SHOW INDEX FROM `Users`

[07-03-2021 12:35:33] [DEBUG] sql - Executing (default): INSERT INTO `Users` (`id`,`firstName`,`lastName`,`favourite_movies`,`authenticated`,`createdAt`) VALUES (NULL,'Anona','Cruz','tt0848228,tt4154756,tt2395427,tt4154796',true,'2021-03-07 12:35:32'),(NULL,'Camilla','Sayer','tt4154756,tt10515848,tt0120575',false,'2021-03-07 12:35:32'),(NULL,'Ganesh','Zentai','tt0287871,tt2975590,tt0103776,tt4116284,tt2313197',false,'2021-03-07 12:35:32'),(NULL,'Vivien','Straub','tt0926084,tt0417741',false,'2021-03-07 12:35:32'),(NULL,'Bernardita','Bishop','tt0389860',false,'2021-03-07 12:35:32');

[07-03-2021 12:37:12] [DEBUG] sql - Executing (default): INSERT INTO `Users` (`id`,`firstName`,`lastName`,`favourite_movies`,`authenticated`,`createdAt`) VALUES (NULL,'Anona','Cruz','tt0848228,tt4154756,tt2395427,tt4154796',true,'2021-03-07 12:37:12'),(NULL,'Camilla','Sayer','tt4154756,tt10515848,tt0120575',false,'2021-03-07 12:37:12'),(NULL,'Ganesh','Zentai','tt0287871,tt2975590,tt0103776,tt4116284,tt2313197',false,'2021-03-07 12:37:12'),(NULL,'Vivien','Straub','tt0926084,tt0417741',false,'2021-03-07 12:37:12'),(NULL,'Bernardita','Bishop','tt0389860',false,'2021-03-07 12:37:12');

[07-03-2021 12:37:12] [DEBUG] sql - Executing (default): CREATE TABLE IF NOT EXISTS `Users` (`id` INTEGER NOT NULL auto_increment , `firstName` VARCHAR(255) NOT NULL, `lastName` VARCHAR(255) NOT NULL, `favourite_movies` VARCHAR(255), `authenticated` TINYINT(1) NOT NULL, `createdAt` DATETIME NOT NULL, PRIMARY KEY (`id`)) ENGINE=InnoDB;

[07-03-2021 12:37:12] [DEBUG] sql - Executing (default): SHOW FULL COLUMNS FROM `Users`;

[07-03-2021 12:37:12] [DEBUG] sql - Executing (default): SELECT CONSTRAINT_NAME as constraint_name,CONSTRAINT_NAME as constraintName,CONSTRAINT_SCHEMA as constraintSchema,CONSTRAINT_SCHEMA as constraintCatalog,TABLE_NAME as tableName,TABLE_SCHEMA as tableSchema,TABLE_SCHEMA as tableCatalog,COLUMN_NAME as columnName,REFERENCED_TABLE_SCHEMA as referencedTableSchema,REFERENCED_TABLE_SCHEMA as referencedTableCatalog,REFERENCED_TABLE_NAME as referencedTableName,REFERENCED_COLUMN_NAME as referencedColumnName FROM INFORMATION_SCHEMA.KEY_COLUMN_USAGE where TABLE_NAME = 'Users' AND CONSTRAINT_NAME!='PRIMARY' AND CONSTRAINT_SCHEMA='movie-app' AND REFERENCED_TABLE_NAME IS NOT NULL;

[07-03-2021 12:37:12] [DEBUG] sql - Executing (default): ALTER TABLE `Users` CHANGE `firstName` `firstName` VARCHAR(255) NOT NULL;

[07-03-2021 12:37:12] [DEBUG] sql - Executing (default): ALTER TABLE `Users` CHANGE `lastName` `lastName` VARCHAR(255) NOT NULL;

[07-03-2021 12:37:12] [DEBUG] sql - Executing (default): ALTER TABLE `Users` CHANGE `favourite_movies` `favourite_movies` VARCHAR(255);

[07-03-2021 12:37:12] [DEBUG] sql - Executing (default): ALTER TABLE `Users` CHANGE `authenticated` `authenticated` TINYINT(1) NOT NULL;

[07-03-2021 12:37:12] [DEBUG] sql - Executing (default): ALTER TABLE `Users` CHANGE `createdAt` `createdAt` DATETIME NOT NULL;

[07-03-2021 12:37:12] [DEBUG] sql - Executing (default): SHOW INDEX FROM `Users`

[07-03-2021 12:37:23] [DEBUG] sql - Executing (default): INSERT INTO `Users` (`id`,`firstName`,`lastName`,`favourite_movies`,`authenticated`,`createdAt`) VALUES (NULL,'Anona','Cruz','tt0848228,tt4154756,tt2395427,tt4154796',true,'2021-03-07 12:37:23'),(NULL,'Camilla','Sayer','tt4154756,tt10515848,tt0120575',false,'2021-03-07 12:37:23'),(NULL,'Ganesh','Zentai','tt0287871,tt2975590,tt0103776,tt4116284,tt2313197',false,'2021-03-07 12:37:23'),(NULL,'Vivien','Straub','tt0926084,tt0417741',false,'2021-03-07 12:37:23'),(NULL,'Bernardita','Bishop','tt0389860',false,'2021-03-07 12:37:23');

[07-03-2021 12:37:46] [DEBUG] sql - Executing (default): CREATE TABLE IF NOT EXISTS `Users` (`id` INTEGER NOT NULL auto_increment , `firstName` VARCHAR(255) NOT NULL, `lastName` VARCHAR(255) NOT NULL, `favourite_movies` VARCHAR(255), `authenticated` TINYINT(1) NOT NULL, `createdAt` DATETIME NOT NULL, PRIMARY KEY (`id`)) ENGINE=InnoDB;

[07-03-2021 12:37:46] [DEBUG] sql - Executing (default): SHOW FULL COLUMNS FROM `Users`;

[07-03-2021 12:37:46] [DEBUG] sql - Executing (default): SELECT CONSTRAINT_NAME as constraint_name,CONSTRAINT_NAME as constraintName,CONSTRAINT_SCHEMA as constraintSchema,CONSTRAINT_SCHEMA as constraintCatalog,TABLE_NAME as tableName,TABLE_SCHEMA as tableSchema,TABLE_SCHEMA as tableCatalog,COLUMN_NAME as columnName,REFERENCED_TABLE_SCHEMA as referencedTableSchema,REFERENCED_TABLE_SCHEMA as referencedTableCatalog,REFERENCED_TABLE_NAME as referencedTableName,REFERENCED_COLUMN_NAME as referencedColumnName FROM INFORMATION_SCHEMA.KEY_COLUMN_USAGE where TABLE_NAME = 'Users' AND CONSTRAINT_NAME!='PRIMARY' AND CONSTRAINT_SCHEMA='movie-app' AND REFERENCED_TABLE_NAME IS NOT NULL;

[07-03-2021 12:37:46] [DEBUG] sql - Executing (default): ALTER TABLE `Users` CHANGE `firstName` `firstName` VARCHAR(255) NOT NULL;

[07-03-2021 12:37:46] [DEBUG] sql - Executing (default): ALTER TABLE `Users` CHANGE `lastName` `lastName` VARCHAR(255) NOT NULL;

[07-03-2021 12:37:46] [DEBUG] sql - Executing (default): ALTER TABLE `Users` CHANGE `favourite_movies` `favourite_movies` VARCHAR(255);

[07-03-2021 12:37:46] [DEBUG] sql - Executing (default): ALTER TABLE `Users` CHANGE `authenticated` `authenticated` TINYINT(1) NOT NULL;

[07-03-2021 12:37:46] [DEBUG] sql - Executing (default): ALTER TABLE `Users` CHANGE `createdAt` `createdAt` DATETIME NOT NULL;

[07-03-2021 12:37:46] [DEBUG] sql - Executing (default): SHOW INDEX FROM `Users`

[07-03-2021 12:37:52] [DEBUG] sql - Executing (default): CREATE TABLE IF NOT EXISTS `Users` (`id` INTEGER NOT NULL auto_increment , `firstName` VARCHAR(255) NOT NULL, `lastName` VARCHAR(255) NOT NULL, `favourite_movies` VARCHAR(255), `authenticated` TINYINT(1) NOT NULL, `createdAt` DATETIME NOT NULL, PRIMARY KEY (`id`)) ENGINE=InnoDB;

[07-03-2021 12:37:52] [DEBUG] sql - Executing (default): SHOW FULL COLUMNS FROM `Users`;

[07-03-2021 12:37:52] [DEBUG] sql - Executing (default): SELECT CONSTRAINT_NAME as constraint_name,CONSTRAINT_NAME as constraintName,CONSTRAINT_SCHEMA as constraintSchema,CONSTRAINT_SCHEMA as constraintCatalog,TABLE_NAME as tableName,TABLE_SCHEMA as tableSchema,TABLE_SCHEMA as tableCatalog,COLUMN_NAME as columnName,REFERENCED_TABLE_SCHEMA as referencedTableSchema,REFERENCED_TABLE_SCHEMA as referencedTableCatalog,REFERENCED_TABLE_NAME as referencedTableName,REFERENCED_COLUMN_NAME as referencedColumnName FROM INFORMATION_SCHEMA.KEY_COLUMN_USAGE where TABLE_NAME = 'Users' AND CONSTRAINT_NAME!='PRIMARY' AND CONSTRAINT_SCHEMA='movie-app' AND REFERENCED_TABLE_NAME IS NOT NULL;

[07-03-2021 12:37:52] [DEBUG] sql - Executing (default): ALTER TABLE `Users` CHANGE `firstName` `firstName` VARCHAR(255) NOT NULL;

[07-03-2021 12:37:52] [DEBUG] sql - Executing (default): ALTER TABLE `Users` CHANGE `lastName` `lastName` VARCHAR(255) NOT NULL;

[07-03-2021 12:37:52] [DEBUG] sql - Executing (default): ALTER TABLE `Users` CHANGE `favourite_movies` `favourite_movies` VARCHAR(255);

[07-03-2021 12:37:52] [DEBUG] sql - Executing (default): ALTER TABLE `Users` CHANGE `authenticated` `authenticated` TINYINT(1) NOT NULL;

[07-03-2021 12:37:52] [DEBUG] sql - Executing (default): ALTER TABLE `Users` CHANGE `createdAt` `createdAt` DATETIME NOT NULL;

[07-03-2021 12:37:52] [DEBUG] sql - Executing (default): SHOW INDEX FROM `Users`

[07-03-2021 12:38:22] [DEBUG] sql - Executing (default): CREATE TABLE IF NOT EXISTS `Users` (`id` INTEGER NOT NULL auto_increment , `firstName` VARCHAR(255) NOT NULL, `lastName` VARCHAR(255) NOT NULL, `favourite_movies` VARCHAR(255), `authenticated` TINYINT(1) NOT NULL, `createdAt` DATETIME NOT NULL, PRIMARY KEY (`id`)) ENGINE=InnoDB;

[07-03-2021 12:38:22] [DEBUG] sql - Executing (default): SHOW FULL COLUMNS FROM `Users`;

[07-03-2021 12:38:22] [DEBUG] sql - Executing (default): SELECT CONSTRAINT_NAME as constraint_name,CONSTRAINT_NAME as constraintName,CONSTRAINT_SCHEMA as constraintSchema,CONSTRAINT_SCHEMA as constraintCatalog,TABLE_NAME as tableName,TABLE_SCHEMA as tableSchema,TABLE_SCHEMA as tableCatalog,COLUMN_NAME as columnName,REFERENCED_TABLE_SCHEMA as referencedTableSchema,REFERENCED_TABLE_SCHEMA as referencedTableCatalog,REFERENCED_TABLE_NAME as referencedTableName,REFERENCED_COLUMN_NAME as referencedColumnName FROM INFORMATION_SCHEMA.KEY_COLUMN_USAGE where TABLE_NAME = 'Users' AND CONSTRAINT_NAME!='PRIMARY' AND CONSTRAINT_SCHEMA='movie-app' AND REFERENCED_TABLE_NAME IS NOT NULL;

[07-03-2021 12:38:22] [DEBUG] sql - Executing (default): ALTER TABLE `Users` CHANGE `firstName` `firstName` VARCHAR(255) NOT NULL;

[07-03-2021 12:38:22] [DEBUG] sql - Executing (default): ALTER TABLE `Users` CHANGE `lastName` `lastName` VARCHAR(255) NOT NULL;

[07-03-2021 12:38:22] [DEBUG] sql - Executing (default): ALTER TABLE `Users` CHANGE `favourite_movies` `favourite_movies` VARCHAR(255);

[07-03-2021 12:38:22] [DEBUG] sql - Executing (default): ALTER TABLE `Users` CHANGE `authenticated` `authenticated` TINYINT(1) NOT NULL;

[07-03-2021 12:38:22] [DEBUG] sql - Executing (default): ALTER TABLE `Users` CHANGE `createdAt` `createdAt` DATETIME NOT NULL;

[07-03-2021 12:38:22] [DEBUG] sql - Executing (default): SHOW INDEX FROM `Users`

[07-03-2021 12:38:23] [DEBUG] sql - Executing (default): CREATE TABLE IF NOT EXISTS `Users` (`id` INTEGER NOT NULL auto_increment , `firstName` VARCHAR(255) NOT NULL, `lastName` VARCHAR(255) NOT NULL, `favourite_movies` VARCHAR(255), `authenticated` TINYINT(1) NOT NULL, `createdAt` DATETIME NOT NULL, PRIMARY KEY (`id`)) ENGINE=InnoDB;

[07-03-2021 12:38:23] [DEBUG] sql - Executing (default): SHOW FULL COLUMNS FROM `Users`;

[07-03-2021 12:38:23] [DEBUG] sql - Executing (default): SELECT CONSTRAINT_NAME as constraint_name,CONSTRAINT_NAME as constraintName,CONSTRAINT_SCHEMA as constraintSchema,CONSTRAINT_SCHEMA as constraintCatalog,TABLE_NAME as tableName,TABLE_SCHEMA as tableSchema,TABLE_SCHEMA as tableCatalog,COLUMN_NAME as columnName,REFERENCED_TABLE_SCHEMA as referencedTableSchema,REFERENCED_TABLE_SCHEMA as referencedTableCatalog,REFERENCED_TABLE_NAME as referencedTableName,REFERENCED_COLUMN_NAME as referencedColumnName FROM INFORMATION_SCHEMA.KEY_COLUMN_USAGE where TABLE_NAME = 'Users' AND CONSTRAINT_NAME!='PRIMARY' AND CONSTRAINT_SCHEMA='movie-app' AND REFERENCED_TABLE_NAME IS NOT NULL;

[07-03-2021 12:38:23] [DEBUG] sql - Executing (default): ALTER TABLE `Users` CHANGE `firstName` `firstName` VARCHAR(255) NOT NULL;

[07-03-2021 12:38:23] [DEBUG] sql - Executing (default): ALTER TABLE `Users` CHANGE `lastName` `lastName` VARCHAR(255) NOT NULL;

[07-03-2021 12:38:23] [DEBUG] sql - Executing (default): ALTER TABLE `Users` CHANGE `favourite_movies` `favourite_movies` VARCHAR(255);

[07-03-2021 12:38:23] [DEBUG] sql - Executing (default): ALTER TABLE `Users` CHANGE `authenticated` `authenticated` TINYINT(1) NOT NULL;

[07-03-2021 12:38:23] [DEBUG] sql - Executing (default): ALTER TABLE `Users` CHANGE `createdAt` `createdAt` DATETIME NOT NULL;

[07-03-2021 12:38:23] [DEBUG] sql - Executing (default): SHOW INDEX FROM `Users`

[07-03-2021 12:38:37] [DEBUG] sql - Executing (default): CREATE TABLE IF NOT EXISTS `Users` (`id` INTEGER NOT NULL auto_increment , `firstName` VARCHAR(255) NOT NULL, `lastName` VARCHAR(255) NOT NULL, `favourite_movies` VARCHAR(255), `authenticated` TINYINT(1) NOT NULL, `createdAt` DATETIME NOT NULL, PRIMARY KEY (`id`)) ENGINE=InnoDB;

[07-03-2021 12:38:37] [DEBUG] sql - Executing (default): SHOW FULL COLUMNS FROM `Users`;

[07-03-2021 12:38:37] [DEBUG] sql - Executing (default): SELECT CONSTRAINT_NAME as constraint_name,CONSTRAINT_NAME as constraintName,CONSTRAINT_SCHEMA as constraintSchema,CONSTRAINT_SCHEMA as constraintCatalog,TABLE_NAME as tableName,TABLE_SCHEMA as tableSchema,TABLE_SCHEMA as tableCatalog,COLUMN_NAME as columnName,REFERENCED_TABLE_SCHEMA as referencedTableSchema,REFERENCED_TABLE_SCHEMA as referencedTableCatalog,REFERENCED_TABLE_NAME as referencedTableName,REFERENCED_COLUMN_NAME as referencedColumnName FROM INFORMATION_SCHEMA.KEY_COLUMN_USAGE where TABLE_NAME = 'Users' AND CONSTRAINT_NAME!='PRIMARY' AND CONSTRAINT_SCHEMA='movie-app' AND REFERENCED_TABLE_NAME IS NOT NULL;

[07-03-2021 12:38:37] [DEBUG] sql - Executing (default): ALTER TABLE `Users` CHANGE `firstName` `firstName` VARCHAR(255) NOT NULL;

[07-03-2021 12:38:37] [DEBUG] sql - Executing (default): ALTER TABLE `Users` CHANGE `lastName` `lastName` VARCHAR(255) NOT NULL;

[07-03-2021 12:38:37] [DEBUG] sql - Executing (default): ALTER TABLE `Users` CHANGE `favourite_movies` `favourite_movies` VARCHAR(255);

[07-03-2021 12:38:37] [DEBUG] sql - Executing (default): ALTER TABLE `Users` CHANGE `authenticated` `authenticated` TINYINT(1) NOT NULL;

[07-03-2021 12:38:37] [DEBUG] sql - Executing (default): ALTER TABLE `Users` CHANGE `createdAt` `createdAt` DATETIME NOT NULL;

[07-03-2021 12:38:37] [DEBUG] sql - Executing (default): SHOW INDEX FROM `Users`

[07-03-2021 12:39:02] [DEBUG] sql - Executing (default): CREATE TABLE IF NOT EXISTS `Users` (`id` INTEGER NOT NULL auto_increment , `firstName` VARCHAR(255) NOT NULL, `lastName` VARCHAR(255) NOT NULL, `favourite_movies` VARCHAR(255), `authenticated` TINYINT(1) NOT NULL, `createdAt` DATETIME NOT NULL, PRIMARY KEY (`id`)) ENGINE=InnoDB;

[07-03-2021 12:39:02] [DEBUG] sql - Executing (default): SHOW FULL COLUMNS FROM `Users`;

[07-03-2021 12:39:02] [DEBUG] sql - Executing (default): SELECT CONSTRAINT_NAME as constraint_name,CONSTRAINT_NAME as constraintName,CONSTRAINT_SCHEMA as constraintSchema,CONSTRAINT_SCHEMA as constraintCatalog,TABLE_NAME as tableName,TABLE_SCHEMA as tableSchema,TABLE_SCHEMA as tableCatalog,COLUMN_NAME as columnName,REFERENCED_TABLE_SCHEMA as referencedTableSchema,REFERENCED_TABLE_SCHEMA as referencedTableCatalog,REFERENCED_TABLE_NAME as referencedTableName,REFERENCED_COLUMN_NAME as referencedColumnName FROM INFORMATION_SCHEMA.KEY_COLUMN_USAGE where TABLE_NAME = 'Users' AND CONSTRAINT_NAME!='PRIMARY' AND CONSTRAINT_SCHEMA='movie-app' AND REFERENCED_TABLE_NAME IS NOT NULL;

[07-03-2021 12:39:02] [DEBUG] sql - Executing (default): ALTER TABLE `Users` CHANGE `firstName` `firstName` VARCHAR(255) NOT NULL;

[07-03-2021 12:39:02] [DEBUG] sql - Executing (default): ALTER TABLE `Users` CHANGE `lastName` `lastName` VARCHAR(255) NOT NULL;

[07-03-2021 12:39:02] [DEBUG] sql - Executing (default): ALTER TABLE `Users` CHANGE `favourite_movies` `favourite_movies` VARCHAR(255);

[07-03-2021 12:39:02] [DEBUG] sql - Executing (default): ALTER TABLE `Users` CHANGE `authenticated` `authenticated` TINYINT(1) NOT NULL;

[07-03-2021 12:39:02] [DEBUG] sql - Executing (default): ALTER TABLE `Users` CHANGE `createdAt` `createdAt` DATETIME NOT NULL;

[07-03-2021 12:39:02] [DEBUG] sql - Executing (default): SHOW INDEX FROM `Users`

[07-03-2021 12:39:02] [DEBUG] sql - Executing (default): INSERT INTO `Users` (`id`,`firstName`,`lastName`,`favourite_movies`,`authenticated`,`createdAt`) VALUES (NULL,'Anona','Cruz','tt0848228,tt4154756,tt2395427,tt4154796',true,'2021-03-07 12:39:02'),(NULL,'Camilla','Sayer','tt4154756,tt10515848,tt0120575',false,'2021-03-07 12:39:02'),(NULL,'Ganesh','Zentai','tt0287871,tt2975590,tt0103776,tt4116284,tt2313197',false,'2021-03-07 12:39:02'),(NULL,'Vivien','Straub','tt0926084,tt0417741',false,'2021-03-07 12:39:02'),(NULL,'Bernardita','Bishop','tt0389860',false,'2021-03-07 12:39:02');

[07-03-2021 12:39:13] [DEBUG] sql - Executing (default): CREATE TABLE IF NOT EXISTS `Users` (`id` INTEGER NOT NULL auto_increment , `firstName` VARCHAR(255) NOT NULL, `lastName` VARCHAR(255) NOT NULL, `favourite_movies` VARCHAR(255), `authenticated` TINYINT(1) NOT NULL, `createdAt` DATETIME NOT NULL, PRIMARY KEY (`id`)) ENGINE=InnoDB;

[07-03-2021 12:39:13] [DEBUG] sql - Executing (default): SHOW FULL COLUMNS FROM `Users`;

[07-03-2021 12:39:13] [DEBUG] sql - Executing (default): SELECT CONSTRAINT_NAME as constraint_name,CONSTRAINT_NAME as constraintName,CONSTRAINT_SCHEMA as constraintSchema,CONSTRAINT_SCHEMA as constraintCatalog,TABLE_NAME as tableName,TABLE_SCHEMA as tableSchema,TABLE_SCHEMA as tableCatalog,COLUMN_NAME as columnName,REFERENCED_TABLE_SCHEMA as referencedTableSchema,REFERENCED_TABLE_SCHEMA as referencedTableCatalog,REFERENCED_TABLE_NAME as referencedTableName,REFERENCED_COLUMN_NAME as referencedColumnName FROM INFORMATION_SCHEMA.KEY_COLUMN_USAGE where TABLE_NAME = 'Users' AND CONSTRAINT_NAME!='PRIMARY' AND CONSTRAINT_SCHEMA='movie-app' AND REFERENCED_TABLE_NAME IS NOT NULL;

[07-03-2021 12:39:13] [DEBUG] sql - Executing (default): ALTER TABLE `Users` CHANGE `firstName` `firstName` VARCHAR(255) NOT NULL;

[07-03-2021 12:39:13] [DEBUG] sql - Executing (default): ALTER TABLE `Users` CHANGE `lastName` `lastName` VARCHAR(255) NOT NULL;

[07-03-2021 12:39:13] [DEBUG] sql - Executing (default): ALTER TABLE `Users` CHANGE `favourite_movies` `favourite_movies` VARCHAR(255);

[07-03-2021 12:39:13] [DEBUG] sql - Executing (default): ALTER TABLE `Users` CHANGE `authenticated` `authenticated` TINYINT(1) NOT NULL;

[07-03-2021 12:39:13] [DEBUG] sql - Executing (default): ALTER TABLE `Users` CHANGE `createdAt` `createdAt` DATETIME NOT NULL;

[07-03-2021 12:39:13] [DEBUG] sql - Executing (default): SHOW INDEX FROM `Users`

[07-03-2021 12:39:13] [DEBUG] sql - Executing (default): INSERT INTO `Users` (`id`,`firstName`,`lastName`,`favourite_movies`,`authenticated`,`createdAt`) VALUES (NULL,'Anona','Cruz','tt0848228,tt4154756,tt2395427,tt4154796',true,'2021-03-07 12:39:13'),(NULL,'Camilla','Sayer','tt4154756,tt10515848,tt0120575',false,'2021-03-07 12:39:13'),(NULL,'Ganesh','Zentai','tt0287871,tt2975590,tt0103776,tt4116284,tt2313197',false,'2021-03-07 12:39:13'),(NULL,'Vivien','Straub','tt0926084,tt0417741',false,'2021-03-07 12:39:13'),(NULL,'Bernardita','Bishop','tt0389860',false,'2021-03-07 12:39:13');

[07-03-2021 12:40:04] [DEBUG] sql - Executing (default): CREATE TABLE IF NOT EXISTS `Users` (`id` INTEGER NOT NULL auto_increment , `firstName` VARCHAR(255) NOT NULL, `lastName` VARCHAR(255) NOT NULL, `favourite_movies` VARCHAR(255), `authenticated` TINYINT(1) NOT NULL, `createdAt` DATETIME NOT NULL, PRIMARY KEY (`id`)) ENGINE=InnoDB;

[07-03-2021 12:40:04] [DEBUG] sql - Executing (default): SHOW FULL COLUMNS FROM `Users`;

[07-03-2021 12:40:04] [DEBUG] sql - Executing (default): SELECT CONSTRAINT_NAME as constraint_name,CONSTRAINT_NAME as constraintName,CONSTRAINT_SCHEMA as constraintSchema,CONSTRAINT_SCHEMA as constraintCatalog,TABLE_NAME as tableName,TABLE_SCHEMA as tableSchema,TABLE_SCHEMA as tableCatalog,COLUMN_NAME as columnName,REFERENCED_TABLE_SCHEMA as referencedTableSchema,REFERENCED_TABLE_SCHEMA as referencedTableCatalog,REFERENCED_TABLE_NAME as referencedTableName,REFERENCED_COLUMN_NAME as referencedColumnName FROM INFORMATION_SCHEMA.KEY_COLUMN_USAGE where TABLE_NAME = 'Users' AND CONSTRAINT_NAME!='PRIMARY' AND CONSTRAINT_SCHEMA='movie-app' AND REFERENCED_TABLE_NAME IS NOT NULL;

[07-03-2021 12:40:04] [DEBUG] sql - Executing (default): ALTER TABLE `Users` CHANGE `firstName` `firstName` VARCHAR(255) NOT NULL;

[07-03-2021 12:40:04] [DEBUG] sql - Executing (default): ALTER TABLE `Users` CHANGE `lastName` `lastName` VARCHAR(255) NOT NULL;

[07-03-2021 12:40:04] [DEBUG] sql - Executing (default): ALTER TABLE `Users` CHANGE `favourite_movies` `favourite_movies` VARCHAR(255);

[07-03-2021 12:40:04] [DEBUG] sql - Executing (default): ALTER TABLE `Users` CHANGE `authenticated` `authenticated` TINYINT(1) NOT NULL;

[07-03-2021 12:40:04] [DEBUG] sql - Executing (default): ALTER TABLE `Users` CHANGE `createdAt` `createdAt` DATETIME NOT NULL;

[07-03-2021 12:40:04] [DEBUG] sql - Executing (default): SHOW INDEX FROM `Users`

[07-03-2021 12:40:04] [DEBUG] sql - Executing (default): INSERT INTO `Users` (`id`,`firstName`,`lastName`,`favourite_movies`,`authenticated`,`createdAt`) VALUES (NULL,'Anona','Cruz','tt0848228,tt4154756,tt2395427,tt4154796',true,'2021-03-07 12:40:04'),(NULL,'Camilla','Sayer','tt4154756,tt10515848,tt0120575',false,'2021-03-07 12:40:04'),(NULL,'Ganesh','Zentai','tt0287871,tt2975590,tt0103776,tt4116284,tt2313197',false,'2021-03-07 12:40:04'),(NULL,'Vivien','Straub','tt0926084,tt0417741',false,'2021-03-07 12:40:04'),(NULL,'Bernardita','Bishop','tt0389860',false,'2021-03-07 12:40:04');

[07-03-2021 12:40:08] [DEBUG] sql - Executing (default): CREATE TABLE IF NOT EXISTS `Users` (`id` INTEGER NOT NULL auto_increment , `firstName` VARCHAR(255) NOT NULL, `lastName` VARCHAR(255) NOT NULL, `favourite_movies` VARCHAR(255), `authenticated` TINYINT(1) NOT NULL, `createdAt` DATETIME NOT NULL, PRIMARY KEY (`id`)) ENGINE=InnoDB;

[07-03-2021 12:40:08] [DEBUG] sql - Executing (default): SHOW FULL COLUMNS FROM `Users`;

[07-03-2021 12:40:08] [DEBUG] sql - Executing (default): SELECT CONSTRAINT_NAME as constraint_name,CONSTRAINT_NAME as constraintName,CONSTRAINT_SCHEMA as constraintSchema,CONSTRAINT_SCHEMA as constraintCatalog,TABLE_NAME as tableName,TABLE_SCHEMA as tableSchema,TABLE_SCHEMA as tableCatalog,COLUMN_NAME as columnName,REFERENCED_TABLE_SCHEMA as referencedTableSchema,REFERENCED_TABLE_SCHEMA as referencedTableCatalog,REFERENCED_TABLE_NAME as referencedTableName,REFERENCED_COLUMN_NAME as referencedColumnName FROM INFORMATION_SCHEMA.KEY_COLUMN_USAGE where TABLE_NAME = 'Users' AND CONSTRAINT_NAME!='PRIMARY' AND CONSTRAINT_SCHEMA='movie-app' AND REFERENCED_TABLE_NAME IS NOT NULL;

[07-03-2021 12:40:08] [DEBUG] sql - Executing (default): ALTER TABLE `Users` CHANGE `firstName` `firstName` VARCHAR(255) NOT NULL;

[07-03-2021 12:40:08] [DEBUG] sql - Executing (default): ALTER TABLE `Users` CHANGE `lastName` `lastName` VARCHAR(255) NOT NULL;

[07-03-2021 12:40:08] [DEBUG] sql - Executing (default): ALTER TABLE `Users` CHANGE `favourite_movies` `favourite_movies` VARCHAR(255);

[07-03-2021 12:40:08] [DEBUG] sql - Executing (default): ALTER TABLE `Users` CHANGE `authenticated` `authenticated` TINYINT(1) NOT NULL;

[07-03-2021 12:40:08] [DEBUG] sql - Executing (default): ALTER TABLE `Users` CHANGE `createdAt` `createdAt` DATETIME NOT NULL;

[07-03-2021 12:40:08] [DEBUG] sql - Executing (default): SHOW INDEX FROM `Users`

[07-03-2021 12:40:08] [DEBUG] sql - Executing (default): INSERT INTO `Users` (`id`,`firstName`,`lastName`,`favourite_movies`,`authenticated`,`createdAt`) VALUES (NULL,'Anona','Cruz','tt0848228,tt4154756,tt2395427,tt4154796',true,'2021-03-07 12:40:08'),(NULL,'Camilla','Sayer','tt4154756,tt10515848,tt0120575',false,'2021-03-07 12:40:08'),(NULL,'Ganesh','Zentai','tt0287871,tt2975590,tt0103776,tt4116284,tt2313197',false,'2021-03-07 12:40:08'),(NULL,'Vivien','Straub','tt0926084,tt0417741',false,'2021-03-07 12:40:08'),(NULL,'Bernardita','Bishop','tt0389860',false,'2021-03-07 12:40:08');

[07-03-2021 12:40:35] [DEBUG] sql - Executing (default): CREATE TABLE IF NOT EXISTS `Users` (`id` INTEGER NOT NULL auto_increment , `firstName` VARCHAR(255) NOT NULL, `lastName` VARCHAR(255) NOT NULL, `favourite_movies` VARCHAR(255), `authenticated` TINYINT(1) NOT NULL, `createdAt` DATETIME NOT NULL, PRIMARY KEY (`id`)) ENGINE=InnoDB;

[07-03-2021 12:40:35] [DEBUG] sql - Executing (default): SHOW FULL COLUMNS FROM `Users`;

[07-03-2021 12:40:35] [DEBUG] sql - Executing (default): SELECT CONSTRAINT_NAME as constraint_name,CONSTRAINT_NAME as constraintName,CONSTRAINT_SCHEMA as constraintSchema,CONSTRAINT_SCHEMA as constraintCatalog,TABLE_NAME as tableName,TABLE_SCHEMA as tableSchema,TABLE_SCHEMA as tableCatalog,COLUMN_NAME as columnName,REFERENCED_TABLE_SCHEMA as referencedTableSchema,REFERENCED_TABLE_SCHEMA as referencedTableCatalog,REFERENCED_TABLE_NAME as referencedTableName,REFERENCED_COLUMN_NAME as referencedColumnName FROM INFORMATION_SCHEMA.KEY_COLUMN_USAGE where TABLE_NAME = 'Users' AND CONSTRAINT_NAME!='PRIMARY' AND CONSTRAINT_SCHEMA='movie-app' AND REFERENCED_TABLE_NAME IS NOT NULL;

[07-03-2021 12:40:35] [DEBUG] sql - Executing (default): ALTER TABLE `Users` CHANGE `firstName` `firstName` VARCHAR(255) NOT NULL;

[07-03-2021 12:40:35] [DEBUG] sql - Executing (default): ALTER TABLE `Users` CHANGE `lastName` `lastName` VARCHAR(255) NOT NULL;

[07-03-2021 12:40:35] [DEBUG] sql - Executing (default): ALTER TABLE `Users` CHANGE `favourite_movies` `favourite_movies` VARCHAR(255);

[07-03-2021 12:40:35] [DEBUG] sql - Executing (default): ALTER TABLE `Users` CHANGE `authenticated` `authenticated` TINYINT(1) NOT NULL;

[07-03-2021 12:40:35] [DEBUG] sql - Executing (default): ALTER TABLE `Users` CHANGE `createdAt` `createdAt` DATETIME NOT NULL;

[07-03-2021 12:40:35] [DEBUG] sql - Executing (default): SHOW INDEX FROM `Users`

[07-03-2021 12:40:35] [DEBUG] sql - Executing (default): INSERT INTO `Users` (`id`,`firstName`,`lastName`,`favourite_movies`,`authenticated`,`createdAt`) VALUES (NULL,'Anona','Cruz','tt0848228,tt4154756,tt2395427,tt4154796',true,'2021-03-07 12:40:35'),(NULL,'Camilla','Sayer','tt4154756,tt10515848,tt0120575',false,'2021-03-07 12:40:35'),(NULL,'Ganesh','Zentai','tt0287871,tt2975590,tt0103776,tt4116284,tt2313197',false,'2021-03-07 12:40:35'),(NULL,'Vivien','Straub','tt0926084,tt0417741',false,'2021-03-07 12:40:35'),(NULL,'Bernardita','Bishop','tt0389860',false,'2021-03-07 12:40:35');

[07-03-2021 12:41:00] [DEBUG] sql - Executing (default): CREATE TABLE IF NOT EXISTS `Users` (`id` INTEGER NOT NULL auto_increment , `firstName` VARCHAR(255) NOT NULL, `lastName` VARCHAR(255) NOT NULL, `favourite_movies` VARCHAR(255), `authenticated` TINYINT(1) NOT NULL, `createdAt` DATETIME NOT NULL, PRIMARY KEY (`id`)) ENGINE=InnoDB;

[07-03-2021 12:41:00] [DEBUG] sql - Executing (default): SHOW FULL COLUMNS FROM `Users`;

[07-03-2021 12:41:00] [DEBUG] sql - Executing (default): SELECT CONSTRAINT_NAME as constraint_name,CONSTRAINT_NAME as constraintName,CONSTRAINT_SCHEMA as constraintSchema,CONSTRAINT_SCHEMA as constraintCatalog,TABLE_NAME as tableName,TABLE_SCHEMA as tableSchema,TABLE_SCHEMA as tableCatalog,COLUMN_NAME as columnName,REFERENCED_TABLE_SCHEMA as referencedTableSchema,REFERENCED_TABLE_SCHEMA as referencedTableCatalog,REFERENCED_TABLE_NAME as referencedTableName,REFERENCED_COLUMN_NAME as referencedColumnName FROM INFORMATION_SCHEMA.KEY_COLUMN_USAGE where TABLE_NAME = 'Users' AND CONSTRAINT_NAME!='PRIMARY' AND CONSTRAINT_SCHEMA='movie-app' AND REFERENCED_TABLE_NAME IS NOT NULL;

[07-03-2021 12:41:00] [DEBUG] sql - Executing (default): ALTER TABLE `Users` CHANGE `firstName` `firstName` VARCHAR(255) NOT NULL;

[07-03-2021 12:41:00] [DEBUG] sql - Executing (default): ALTER TABLE `Users` CHANGE `lastName` `lastName` VARCHAR(255) NOT NULL;

[07-03-2021 12:41:00] [DEBUG] sql - Executing (default): ALTER TABLE `Users` CHANGE `favourite_movies` `favourite_movies` VARCHAR(255);

[07-03-2021 12:41:00] [DEBUG] sql - Executing (default): ALTER TABLE `Users` CHANGE `authenticated` `authenticated` TINYINT(1) NOT NULL;

[07-03-2021 12:41:00] [DEBUG] sql - Executing (default): ALTER TABLE `Users` CHANGE `createdAt` `createdAt` DATETIME NOT NULL;

[07-03-2021 12:41:00] [DEBUG] sql - Executing (default): SHOW INDEX FROM `Users`

[07-03-2021 12:41:00] [DEBUG] sql - Executing (default): INSERT INTO `Users` (`id`,`firstName`,`lastName`,`favourite_movies`,`authenticated`,`createdAt`) VALUES (NULL,'Anona','Cruz','tt0848228,tt4154756,tt2395427,tt4154796',true,'2021-03-07 12:41:00'),(NULL,'Camilla','Sayer','tt4154756,tt10515848,tt0120575',false,'2021-03-07 12:41:00'),(NULL,'Ganesh','Zentai','tt0287871,tt2975590,tt0103776,tt4116284,tt2313197',false,'2021-03-07 12:41:00'),(NULL,'Vivien','Straub','tt0926084,tt0417741',false,'2021-03-07 12:41:00'),(NULL,'Bernardita','Bishop','tt0389860',false,'2021-03-07 12:41:00');

[07-03-2021 12:41:10] [DEBUG] sql - Executing (default): CREATE TABLE IF NOT EXISTS `Users` (`id` INTEGER NOT NULL auto_increment , `firstName` VARCHAR(255) NOT NULL, `lastName` VARCHAR(255) NOT NULL, `favourite_movies` VARCHAR(255), `authenticated` TINYINT(1) NOT NULL, `createdAt` DATETIME NOT NULL, PRIMARY KEY (`id`)) ENGINE=InnoDB;

[07-03-2021 12:41:10] [DEBUG] sql - Executing (default): SHOW FULL COLUMNS FROM `Users`;

[07-03-2021 12:41:10] [DEBUG] sql - Executing (default): SELECT CONSTRAINT_NAME as constraint_name,CONSTRAINT_NAME as constraintName,CONSTRAINT_SCHEMA as constraintSchema,CONSTRAINT_SCHEMA as constraintCatalog,TABLE_NAME as tableName,TABLE_SCHEMA as tableSchema,TABLE_SCHEMA as tableCatalog,COLUMN_NAME as columnName,REFERENCED_TABLE_SCHEMA as referencedTableSchema,REFERENCED_TABLE_SCHEMA as referencedTableCatalog,REFERENCED_TABLE_NAME as referencedTableName,REFERENCED_COLUMN_NAME as referencedColumnName FROM INFORMATION_SCHEMA.KEY_COLUMN_USAGE where TABLE_NAME = 'Users' AND CONSTRAINT_NAME!='PRIMARY' AND CONSTRAINT_SCHEMA='movie-app' AND REFERENCED_TABLE_NAME IS NOT NULL;

[07-03-2021 12:41:10] [DEBUG] sql - Executing (default): ALTER TABLE `Users` CHANGE `firstName` `firstName` VARCHAR(255) NOT NULL;

[07-03-2021 12:41:10] [DEBUG] sql - Executing (default): ALTER TABLE `Users` CHANGE `lastName` `lastName` VARCHAR(255) NOT NULL;

[07-03-2021 12:41:10] [DEBUG] sql - Executing (default): ALTER TABLE `Users` CHANGE `favourite_movies` `favourite_movies` VARCHAR(255);

[07-03-2021 12:41:10] [DEBUG] sql - Executing (default): ALTER TABLE `Users` CHANGE `authenticated` `authenticated` TINYINT(1) NOT NULL;

[07-03-2021 12:41:10] [DEBUG] sql - Executing (default): ALTER TABLE `Users` CHANGE `createdAt` `createdAt` DATETIME NOT NULL;

[07-03-2021 12:41:10] [DEBUG] sql - Executing (default): SHOW INDEX FROM `Users`

[07-03-2021 12:41:10] [DEBUG] sql - Executing (default): INSERT INTO `Users` (`id`,`firstName`,`lastName`,`favourite_movies`,`authenticated`,`createdAt`) VALUES (NULL,'Anona','Cruz','tt0848228,tt4154756,tt2395427,tt4154796',true,'2021-03-07 12:41:10'),(NULL,'Camilla','Sayer','tt4154756,tt10515848,tt0120575',false,'2021-03-07 12:41:10'),(NULL,'Ganesh','Zentai','tt0287871,tt2975590,tt0103776,tt4116284,tt2313197',false,'2021-03-07 12:41:10'),(NULL,'Vivien','Straub','tt0926084,tt0417741',false,'2021-03-07 12:41:10'),(NULL,'Bernardita','Bishop','tt0389860',false,'2021-03-07 12:41:10');

[07-03-2021 12:41:52] [DEBUG] sql - Executing (default): INSERT INTO `Users` (`id`,`firstName`,`lastName`,`favourite_movies`,`authenticated`,`createdAt`) VALUES (NULL,'Anona','Cruz','tt0848228,tt4154756,tt2395427,tt4154796',true,'2021-03-07 12:41:52'),(NULL,'Camilla','Sayer','tt4154756,tt10515848,tt0120575',false,'2021-03-07 12:41:52'),(NULL,'Ganesh','Zentai','tt0287871,tt2975590,tt0103776,tt4116284,tt2313197',false,'2021-03-07 12:41:52'),(NULL,'Vivien','Straub','tt0926084,tt0417741',false,'2021-03-07 12:41:52'),(NULL,'Bernardita','Bishop','tt0389860',false,'2021-03-07 12:41:52');

[07-03-2021 12:41:52] [DEBUG] sql - Executing (default): CREATE TABLE IF NOT EXISTS `Users` (`id` INTEGER NOT NULL auto_increment , `firstName` VARCHAR(255) NOT NULL, `lastName` VARCHAR(255) NOT NULL, `favourite_movies` VARCHAR(255), `authenticated` TINYINT(1) NOT NULL, `createdAt` DATETIME NOT NULL, PRIMARY KEY (`id`)) ENGINE=InnoDB;

[07-03-2021 12:41:52] [DEBUG] sql - Executing (default): SHOW FULL COLUMNS FROM `Users`;

[07-03-2021 12:41:52] [DEBUG] sql - Executing (default): SELECT CONSTRAINT_NAME as constraint_name,CONSTRAINT_NAME as constraintName,CONSTRAINT_SCHEMA as constraintSchema,CONSTRAINT_SCHEMA as constraintCatalog,TABLE_NAME as tableName,TABLE_SCHEMA as tableSchema,TABLE_SCHEMA as tableCatalog,COLUMN_NAME as columnName,REFERENCED_TABLE_SCHEMA as referencedTableSchema,REFERENCED_TABLE_SCHEMA as referencedTableCatalog,REFERENCED_TABLE_NAME as referencedTableName,REFERENCED_COLUMN_NAME as referencedColumnName FROM INFORMATION_SCHEMA.KEY_COLUMN_USAGE where TABLE_NAME = 'Users' AND CONSTRAINT_NAME!='PRIMARY' AND CONSTRAINT_SCHEMA='movie-app' AND REFERENCED_TABLE_NAME IS NOT NULL;

[07-03-2021 12:41:52] [DEBUG] sql - Executing (default): ALTER TABLE `Users` CHANGE `firstName` `firstName` VARCHAR(255) NOT NULL;

[07-03-2021 12:41:52] [DEBUG] sql - Executing (default): ALTER TABLE `Users` CHANGE `lastName` `lastName` VARCHAR(255) NOT NULL;

[07-03-2021 12:41:52] [DEBUG] sql - Executing (default): ALTER TABLE `Users` CHANGE `favourite_movies` `favourite_movies` VARCHAR(255);

[07-03-2021 12:41:52] [DEBUG] sql - Executing (default): ALTER TABLE `Users` CHANGE `authenticated` `authenticated` TINYINT(1) NOT NULL;

[07-03-2021 12:41:52] [DEBUG] sql - Executing (default): ALTER TABLE `Users` CHANGE `createdAt` `createdAt` DATETIME NOT NULL;

[07-03-2021 12:41:52] [DEBUG] sql - Executing (default): SHOW INDEX FROM `Users`

[07-03-2021 12:41:58] [DEBUG] sql - Executing (default): INSERT INTO `Users` (`id`,`firstName`,`lastName`,`favourite_movies`,`authenticated`,`createdAt`) VALUES (NULL,'Anona','Cruz','tt0848228,tt4154756,tt2395427,tt4154796',true,'2021-03-07 12:41:58'),(NULL,'Camilla','Sayer','tt4154756,tt10515848,tt0120575',false,'2021-03-07 12:41:58'),(NULL,'Ganesh','Zentai','tt0287871,tt2975590,tt0103776,tt4116284,tt2313197',false,'2021-03-07 12:41:58'),(NULL,'Vivien','Straub','tt0926084,tt0417741',false,'2021-03-07 12:41:58'),(NULL,'Bernardita','Bishop','tt0389860',false,'2021-03-07 12:41:58');

[07-03-2021 12:41:58] [DEBUG] sql - Executing (default): CREATE TABLE IF NOT EXISTS `Users` (`id` INTEGER NOT NULL auto_increment , `firstName` VARCHAR(255) NOT NULL, `lastName` VARCHAR(255) NOT NULL, `favourite_movies` VARCHAR(255), `authenticated` TINYINT(1) NOT NULL, `createdAt` DATETIME NOT NULL, PRIMARY KEY (`id`)) ENGINE=InnoDB;

[07-03-2021 12:41:58] [DEBUG] sql - Executing (default): SHOW FULL COLUMNS FROM `Users`;

[07-03-2021 12:41:58] [DEBUG] sql - Executing (default): SELECT CONSTRAINT_NAME as constraint_name,CONSTRAINT_NAME as constraintName,CONSTRAINT_SCHEMA as constraintSchema,CONSTRAINT_SCHEMA as constraintCatalog,TABLE_NAME as tableName,TABLE_SCHEMA as tableSchema,TABLE_SCHEMA as tableCatalog,COLUMN_NAME as columnName,REFERENCED_TABLE_SCHEMA as referencedTableSchema,REFERENCED_TABLE_SCHEMA as referencedTableCatalog,REFERENCED_TABLE_NAME as referencedTableName,REFERENCED_COLUMN_NAME as referencedColumnName FROM INFORMATION_SCHEMA.KEY_COLUMN_USAGE where TABLE_NAME = 'Users' AND CONSTRAINT_NAME!='PRIMARY' AND CONSTRAINT_SCHEMA='movie-app' AND REFERENCED_TABLE_NAME IS NOT NULL;

[07-03-2021 12:41:58] [DEBUG] sql - Executing (default): ALTER TABLE `Users` CHANGE `firstName` `firstName` VARCHAR(255) NOT NULL;

[07-03-2021 12:41:58] [DEBUG] sql - Executing (default): ALTER TABLE `Users` CHANGE `lastName` `lastName` VARCHAR(255) NOT NULL;

[07-03-2021 12:41:59] [DEBUG] sql - Executing (default): ALTER TABLE `Users` CHANGE `favourite_movies` `favourite_movies` VARCHAR(255);

[07-03-2021 12:41:59] [DEBUG] sql - Executing (default): ALTER TABLE `Users` CHANGE `authenticated` `authenticated` TINYINT(1) NOT NULL;

[07-03-2021 12:41:59] [DEBUG] sql - Executing (default): ALTER TABLE `Users` CHANGE `createdAt` `createdAt` DATETIME NOT NULL;

[07-03-2021 12:41:59] [DEBUG] sql - Executing (default): SHOW INDEX FROM `Users`

[07-03-2021 12:42:06] [DEBUG] sql - Executing (default): INSERT INTO `Users` (`id`,`firstName`,`lastName`,`favourite_movies`,`authenticated`,`createdAt`) VALUES (NULL,'Anona','Cruz','tt0848228,tt4154756,tt2395427,tt4154796',true,'2021-03-07 12:42:06'),(NULL,'Camilla','Sayer','tt4154756,tt10515848,tt0120575',false,'2021-03-07 12:42:06'),(NULL,'Ganesh','Zentai','tt0287871,tt2975590,tt0103776,tt4116284,tt2313197',false,'2021-03-07 12:42:06'),(NULL,'Vivien','Straub','tt0926084,tt0417741',false,'2021-03-07 12:42:06'),(NULL,'Bernardita','Bishop','tt0389860',false,'2021-03-07 12:42:06');

[07-03-2021 12:42:32] [DEBUG] sql - Executing (default): CREATE TABLE IF NOT EXISTS `Users` (`id` INTEGER NOT NULL auto_increment , `firstName` VARCHAR(255) NOT NULL, `lastName` VARCHAR(255) NOT NULL, `favourite_movies` VARCHAR(255), `authenticated` TINYINT(1) NOT NULL, `createdAt` DATETIME NOT NULL, PRIMARY KEY (`id`)) ENGINE=InnoDB;

[07-03-2021 12:42:32] [DEBUG] sql - Executing (default): SHOW FULL COLUMNS FROM `Users`;

[07-03-2021 12:42:32] [DEBUG] sql - Executing (default): SELECT CONSTRAINT_NAME as constraint_name,CONSTRAINT_NAME as constraintName,CONSTRAINT_SCHEMA as constraintSchema,CONSTRAINT_SCHEMA as constraintCatalog,TABLE_NAME as tableName,TABLE_SCHEMA as tableSchema,TABLE_SCHEMA as tableCatalog,COLUMN_NAME as columnName,REFERENCED_TABLE_SCHEMA as referencedTableSchema,REFERENCED_TABLE_SCHEMA as referencedTableCatalog,REFERENCED_TABLE_NAME as referencedTableName,REFERENCED_COLUMN_NAME as referencedColumnName FROM INFORMATION_SCHEMA.KEY_COLUMN_USAGE where TABLE_NAME = 'Users' AND CONSTRAINT_NAME!='PRIMARY' AND CONSTRAINT_SCHEMA='movie-app' AND REFERENCED_TABLE_NAME IS NOT NULL;

[07-03-2021 12:42:32] [DEBUG] sql - Executing (default): ALTER TABLE `Users` CHANGE `firstName` `firstName` VARCHAR(255) NOT NULL;

[07-03-2021 12:42:32] [DEBUG] sql - Executing (default): ALTER TABLE `Users` CHANGE `lastName` `lastName` VARCHAR(255) NOT NULL;

[07-03-2021 12:42:32] [DEBUG] sql - Executing (default): ALTER TABLE `Users` CHANGE `favourite_movies` `favourite_movies` VARCHAR(255);

[07-03-2021 12:42:32] [DEBUG] sql - Executing (default): ALTER TABLE `Users` CHANGE `authenticated` `authenticated` TINYINT(1) NOT NULL;

[07-03-2021 12:42:32] [DEBUG] sql - Executing (default): ALTER TABLE `Users` CHANGE `createdAt` `createdAt` DATETIME NOT NULL;

[07-03-2021 12:42:32] [DEBUG] sql - Executing (default): SHOW INDEX FROM `Users`

[07-03-2021 12:42:32] [DEBUG] sql - Executing (default): INSERT INTO `Users` (`id`,`firstName`,`lastName`,`favourite_movies`,`authenticated`,`createdAt`) VALUES (NULL,'Anona','Cruz','tt0848228,tt4154756,tt2395427,tt4154796',true,'2021-03-07 12:42:32'),(NULL,'Camilla','Sayer','tt4154756,tt10515848,tt0120575',false,'2021-03-07 12:42:32'),(NULL,'Ganesh','Zentai','tt0287871,tt2975590,tt0103776,tt4116284,tt2313197',false,'2021-03-07 12:42:32'),(NULL,'Vivien','Straub','tt0926084,tt0417741',false,'2021-03-07 12:42:32'),(NULL,'Bernardita','Bishop','tt0389860',false,'2021-03-07 12:42:32');

[07-03-2021 12:46:22] [DEBUG] sql - Executing (default): CREATE TABLE IF NOT EXISTS `Users` (`id` INTEGER NOT NULL auto_increment , `firstName` VARCHAR(255) NOT NULL, `lastName` VARCHAR(255) NOT NULL, `favourite_movies` VARCHAR(255), `authenticated` TINYINT(1) NOT NULL, `createdAt` DATETIME NOT NULL, PRIMARY KEY (`id`)) ENGINE=InnoDB;

[07-03-2021 12:46:22] [DEBUG] sql - Executing (default): SHOW FULL COLUMNS FROM `Users`;

[07-03-2021 12:46:22] [DEBUG] sql - Executing (default): SELECT CONSTRAINT_NAME as constraint_name,CONSTRAINT_NAME as constraintName,CONSTRAINT_SCHEMA as constraintSchema,CONSTRAINT_SCHEMA as constraintCatalog,TABLE_NAME as tableName,TABLE_SCHEMA as tableSchema,TABLE_SCHEMA as tableCatalog,COLUMN_NAME as columnName,REFERENCED_TABLE_SCHEMA as referencedTableSchema,REFERENCED_TABLE_SCHEMA as referencedTableCatalog,REFERENCED_TABLE_NAME as referencedTableName,REFERENCED_COLUMN_NAME as referencedColumnName FROM INFORMATION_SCHEMA.KEY_COLUMN_USAGE where TABLE_NAME = 'Users' AND CONSTRAINT_NAME!='PRIMARY' AND CONSTRAINT_SCHEMA='movie-app' AND REFERENCED_TABLE_NAME IS NOT NULL;

[07-03-2021 12:46:22] [DEBUG] sql - Executing (default): ALTER TABLE `Users` CHANGE `firstName` `firstName` VARCHAR(255) NOT NULL;

[07-03-2021 12:46:22] [DEBUG] sql - Executing (default): ALTER TABLE `Users` CHANGE `lastName` `lastName` VARCHAR(255) NOT NULL;

[07-03-2021 12:46:22] [DEBUG] sql - Executing (default): ALTER TABLE `Users` CHANGE `favourite_movies` `favourite_movies` VARCHAR(255);

[07-03-2021 12:46:22] [DEBUG] sql - Executing (default): ALTER TABLE `Users` CHANGE `authenticated` `authenticated` TINYINT(1) NOT NULL;

[07-03-2021 12:46:22] [DEBUG] sql - Executing (default): ALTER TABLE `Users` CHANGE `createdAt` `createdAt` DATETIME NOT NULL;

[07-03-2021 12:46:22] [DEBUG] sql - Executing (default): SHOW INDEX FROM `Users`

[07-03-2021 12:46:22] [DEBUG] sql - Executing (default): INSERT INTO `Users` (`id`,`firstName`,`lastName`,`favourite_movies`,`authenticated`,`createdAt`) VALUES (NULL,'Anona','Cruz','tt0848228,tt4154756,tt2395427,tt4154796',true,'2021-03-07 12:46:22'),(NULL,'Camilla','Sayer','tt4154756,tt10515848,tt0120575',false,'2021-03-07 12:46:22'),(NULL,'Ganesh','Zentai','tt0287871,tt2975590,tt0103776,tt4116284,tt2313197',false,'2021-03-07 12:46:22'),(NULL,'Vivien','Straub','tt0926084,tt0417741',false,'2021-03-07 12:46:22'),(NULL,'Bernardita','Bishop','tt0389860',false,'2021-03-07 12:46:22');

[07-03-2021 12:46:28] [DEBUG] sql - Executing (default): CREATE TABLE IF NOT EXISTS `Users` (`id` INTEGER NOT NULL auto_increment , `firstName` VARCHAR(255) NOT NULL, `lastName` VARCHAR(255) NOT NULL, `favourite_movies` VARCHAR(255), `authenticated` TINYINT(1) NOT NULL, `createdAt` DATETIME NOT NULL, PRIMARY KEY (`id`)) ENGINE=InnoDB;

[07-03-2021 12:46:28] [DEBUG] sql - Executing (default): SHOW FULL COLUMNS FROM `Users`;

[07-03-2021 12:46:28] [DEBUG] sql - Executing (default): SELECT CONSTRAINT_NAME as constraint_name,CONSTRAINT_NAME as constraintName,CONSTRAINT_SCHEMA as constraintSchema,CONSTRAINT_SCHEMA as constraintCatalog,TABLE_NAME as tableName,TABLE_SCHEMA as tableSchema,TABLE_SCHEMA as tableCatalog,COLUMN_NAME as columnName,REFERENCED_TABLE_SCHEMA as referencedTableSchema,REFERENCED_TABLE_SCHEMA as referencedTableCatalog,REFERENCED_TABLE_NAME as referencedTableName,REFERENCED_COLUMN_NAME as referencedColumnName FROM INFORMATION_SCHEMA.KEY_COLUMN_USAGE where TABLE_NAME = 'Users' AND CONSTRAINT_NAME!='PRIMARY' AND CONSTRAINT_SCHEMA='movie-app' AND REFERENCED_TABLE_NAME IS NOT NULL;

[07-03-2021 12:46:28] [DEBUG] sql - Executing (default): ALTER TABLE `Users` CHANGE `firstName` `firstName` VARCHAR(255) NOT NULL;

[07-03-2021 12:46:28] [DEBUG] sql - Executing (default): ALTER TABLE `Users` CHANGE `lastName` `lastName` VARCHAR(255) NOT NULL;

[07-03-2021 12:46:28] [DEBUG] sql - Executing (default): ALTER TABLE `Users` CHANGE `favourite_movies` `favourite_movies` VARCHAR(255);

[07-03-2021 12:46:28] [DEBUG] sql - Executing (default): ALTER TABLE `Users` CHANGE `authenticated` `authenticated` TINYINT(1) NOT NULL;

[07-03-2021 12:46:28] [DEBUG] sql - Executing (default): ALTER TABLE `Users` CHANGE `createdAt` `createdAt` DATETIME NOT NULL;

[07-03-2021 12:46:28] [DEBUG] sql - Executing (default): SHOW INDEX FROM `Users`

[07-03-2021 12:46:29] [DEBUG] sql - Executing (default): INSERT INTO `Users` (`id`,`firstName`,`lastName`,`favourite_movies`,`authenticated`,`createdAt`) VALUES (NULL,'Anona','Cruz','tt0848228,tt4154756,tt2395427,tt4154796',true,'2021-03-07 12:46:29'),(NULL,'Camilla','Sayer','tt4154756,tt10515848,tt0120575',false,'2021-03-07 12:46:29'),(NULL,'Ganesh','Zentai','tt0287871,tt2975590,tt0103776,tt4116284,tt2313197',false,'2021-03-07 12:46:29'),(NULL,'Vivien','Straub','tt0926084,tt0417741',false,'2021-03-07 12:46:29'),(NULL,'Bernardita','Bishop','tt0389860',false,'2021-03-07 12:46:29');

[07-03-2021 12:46:45] [DEBUG] sql - Executing (default): CREATE TABLE IF NOT EXISTS `Users` (`id` INTEGER NOT NULL auto_increment , `firstName` VARCHAR(255) NOT NULL, `lastName` VARCHAR(255) NOT NULL, `favourite_movies` VARCHAR(255), `authenticated` TINYINT(1) NOT NULL, `createdAt` DATETIME NOT NULL, PRIMARY KEY (`id`)) ENGINE=InnoDB;

[07-03-2021 12:46:45] [DEBUG] sql - Executing (default): SHOW FULL COLUMNS FROM `Users`;

[07-03-2021 12:46:45] [DEBUG] sql - Executing (default): SELECT CONSTRAINT_NAME as constraint_name,CONSTRAINT_NAME as constraintName,CONSTRAINT_SCHEMA as constraintSchema,CONSTRAINT_SCHEMA as constraintCatalog,TABLE_NAME as tableName,TABLE_SCHEMA as tableSchema,TABLE_SCHEMA as tableCatalog,COLUMN_NAME as columnName,REFERENCED_TABLE_SCHEMA as referencedTableSchema,REFERENCED_TABLE_SCHEMA as referencedTableCatalog,REFERENCED_TABLE_NAME as referencedTableName,REFERENCED_COLUMN_NAME as referencedColumnName FROM INFORMATION_SCHEMA.KEY_COLUMN_USAGE where TABLE_NAME = 'Users' AND CONSTRAINT_NAME!='PRIMARY' AND CONSTRAINT_SCHEMA='movie-app' AND REFERENCED_TABLE_NAME IS NOT NULL;

[07-03-2021 12:46:45] [DEBUG] sql - Executing (default): ALTER TABLE `Users` CHANGE `firstName` `firstName` VARCHAR(255) NOT NULL;

[07-03-2021 12:46:45] [DEBUG] sql - Executing (default): ALTER TABLE `Users` CHANGE `lastName` `lastName` VARCHAR(255) NOT NULL;

[07-03-2021 12:46:45] [DEBUG] sql - Executing (default): ALTER TABLE `Users` CHANGE `favourite_movies` `favourite_movies` VARCHAR(255);

[07-03-2021 12:46:45] [DEBUG] sql - Executing (default): ALTER TABLE `Users` CHANGE `authenticated` `authenticated` TINYINT(1) NOT NULL;

[07-03-2021 12:46:45] [DEBUG] sql - Executing (default): ALTER TABLE `Users` CHANGE `createdAt` `createdAt` DATETIME NOT NULL;

[07-03-2021 12:46:45] [DEBUG] sql - Executing (default): SHOW INDEX FROM `Users`

[07-03-2021 12:46:45] [DEBUG] sql - Executing (default): INSERT INTO `Users` (`id`,`firstName`,`lastName`,`favourite_movies`,`authenticated`,`createdAt`) VALUES (NULL,'Anona','Cruz','tt0848228,tt4154756,tt2395427,tt4154796',true,'2021-03-07 12:46:45'),(NULL,'Camilla','Sayer','tt4154756,tt10515848,tt0120575',false,'2021-03-07 12:46:45'),(NULL,'Ganesh','Zentai','tt0287871,tt2975590,tt0103776,tt4116284,tt2313197',false,'2021-03-07 12:46:45'),(NULL,'Vivien','Straub','tt0926084,tt0417741',false,'2021-03-07 12:46:45'),(NULL,'Bernardita','Bishop','tt0389860',false,'2021-03-07 12:46:45');

[07-03-2021 12:48:13] [DEBUG] sql - Executing (default): CREATE TABLE IF NOT EXISTS `Users` (`id` INTEGER NOT NULL auto_increment , `firstName` VARCHAR(255) NOT NULL, `lastName` VARCHAR(255) NOT NULL, `favourite_movies` VARCHAR(255), `authenticated` TINYINT(1) NOT NULL, `createdAt` DATETIME NOT NULL, PRIMARY KEY (`id`)) ENGINE=InnoDB;

[07-03-2021 12:48:13] [DEBUG] sql - Executing (default): SHOW FULL COLUMNS FROM `Users`;

[07-03-2021 12:48:13] [DEBUG] sql - Executing (default): SELECT CONSTRAINT_NAME as constraint_name,CONSTRAINT_NAME as constraintName,CONSTRAINT_SCHEMA as constraintSchema,CONSTRAINT_SCHEMA as constraintCatalog,TABLE_NAME as tableName,TABLE_SCHEMA as tableSchema,TABLE_SCHEMA as tableCatalog,COLUMN_NAME as columnName,REFERENCED_TABLE_SCHEMA as referencedTableSchema,REFERENCED_TABLE_SCHEMA as referencedTableCatalog,REFERENCED_TABLE_NAME as referencedTableName,REFERENCED_COLUMN_NAME as referencedColumnName FROM INFORMATION_SCHEMA.KEY_COLUMN_USAGE where TABLE_NAME = 'Users' AND CONSTRAINT_NAME!='PRIMARY' AND CONSTRAINT_SCHEMA='movie-app' AND REFERENCED_TABLE_NAME IS NOT NULL;

[07-03-2021 12:48:13] [DEBUG] sql - Executing (default): ALTER TABLE `Users` CHANGE `firstName` `firstName` VARCHAR(255) NOT NULL;

[07-03-2021 12:48:13] [DEBUG] sql - Executing (default): ALTER TABLE `Users` CHANGE `lastName` `lastName` VARCHAR(255) NOT NULL;

[07-03-2021 12:48:13] [DEBUG] sql - Executing (default): ALTER TABLE `Users` CHANGE `favourite_movies` `favourite_movies` VARCHAR(255);

[07-03-2021 12:48:13] [DEBUG] sql - Executing (default): ALTER TABLE `Users` CHANGE `authenticated` `authenticated` TINYINT(1) NOT NULL;

[07-03-2021 12:48:13] [DEBUG] sql - Executing (default): ALTER TABLE `Users` CHANGE `createdAt` `createdAt` DATETIME NOT NULL;

[07-03-2021 12:48:13] [DEBUG] sql - Executing (default): SHOW INDEX FROM `Users`

[07-03-2021 12:48:17] [DEBUG] sql - Executing (default): CREATE TABLE IF NOT EXISTS `Users` (`id` INTEGER NOT NULL auto_increment , `firstName` VARCHAR(255) NOT NULL, `lastName` VARCHAR(255) NOT NULL, `favourite_movies` VARCHAR(255), `authenticated` TINYINT(1) NOT NULL, `createdAt` DATETIME NOT NULL, PRIMARY KEY (`id`)) ENGINE=InnoDB;

[07-03-2021 12:48:17] [DEBUG] sql - Executing (default): SHOW FULL COLUMNS FROM `Users`;

[07-03-2021 12:48:17] [DEBUG] sql - Executing (default): SELECT CONSTRAINT_NAME as constraint_name,CONSTRAINT_NAME as constraintName,CONSTRAINT_SCHEMA as constraintSchema,CONSTRAINT_SCHEMA as constraintCatalog,TABLE_NAME as tableName,TABLE_SCHEMA as tableSchema,TABLE_SCHEMA as tableCatalog,COLUMN_NAME as columnName,REFERENCED_TABLE_SCHEMA as referencedTableSchema,REFERENCED_TABLE_SCHEMA as referencedTableCatalog,REFERENCED_TABLE_NAME as referencedTableName,REFERENCED_COLUMN_NAME as referencedColumnName FROM INFORMATION_SCHEMA.KEY_COLUMN_USAGE where TABLE_NAME = 'Users' AND CONSTRAINT_NAME!='PRIMARY' AND CONSTRAINT_SCHEMA='movie-app' AND REFERENCED_TABLE_NAME IS NOT NULL;

[07-03-2021 12:48:17] [DEBUG] sql - Executing (default): ALTER TABLE `Users` CHANGE `firstName` `firstName` VARCHAR(255) NOT NULL;

[07-03-2021 12:48:17] [DEBUG] sql - Executing (default): ALTER TABLE `Users` CHANGE `lastName` `lastName` VARCHAR(255) NOT NULL;

[07-03-2021 12:48:17] [DEBUG] sql - Executing (default): ALTER TABLE `Users` CHANGE `favourite_movies` `favourite_movies` VARCHAR(255);

[07-03-2021 12:48:17] [DEBUG] sql - Executing (default): ALTER TABLE `Users` CHANGE `authenticated` `authenticated` TINYINT(1) NOT NULL;

[07-03-2021 12:48:17] [DEBUG] sql - Executing (default): ALTER TABLE `Users` CHANGE `createdAt` `createdAt` DATETIME NOT NULL;

[07-03-2021 12:48:17] [DEBUG] sql - Executing (default): SHOW INDEX FROM `Users`

[07-03-2021 12:48:43] [DEBUG] sql - Executing (default): CREATE TABLE IF NOT EXISTS `Users` (`id` INTEGER NOT NULL auto_increment , `firstName` VARCHAR(255) NOT NULL, `lastName` VARCHAR(255) NOT NULL, `favourite_movies` VARCHAR(255), `authenticated` TINYINT(1) NOT NULL, `createdAt` DATETIME NOT NULL, PRIMARY KEY (`id`)) ENGINE=InnoDB;

[07-03-2021 12:48:43] [DEBUG] sql - Executing (default): SHOW FULL COLUMNS FROM `Users`;

[07-03-2021 12:48:43] [DEBUG] sql - Executing (default): SELECT CONSTRAINT_NAME as constraint_name,CONSTRAINT_NAME as constraintName,CONSTRAINT_SCHEMA as constraintSchema,CONSTRAINT_SCHEMA as constraintCatalog,TABLE_NAME as tableName,TABLE_SCHEMA as tableSchema,TABLE_SCHEMA as tableCatalog,COLUMN_NAME as columnName,REFERENCED_TABLE_SCHEMA as referencedTableSchema,REFERENCED_TABLE_SCHEMA as referencedTableCatalog,REFERENCED_TABLE_NAME as referencedTableName,REFERENCED_COLUMN_NAME as referencedColumnName FROM INFORMATION_SCHEMA.KEY_COLUMN_USAGE where TABLE_NAME = 'Users' AND CONSTRAINT_NAME!='PRIMARY' AND CONSTRAINT_SCHEMA='movie-app' AND REFERENCED_TABLE_NAME IS NOT NULL;

[07-03-2021 12:48:43] [DEBUG] sql - Executing (default): ALTER TABLE `Users` CHANGE `firstName` `firstName` VARCHAR(255) NOT NULL;

[07-03-2021 12:48:43] [DEBUG] sql - Executing (default): ALTER TABLE `Users` CHANGE `lastName` `lastName` VARCHAR(255) NOT NULL;

[07-03-2021 12:48:43] [DEBUG] sql - Executing (default): ALTER TABLE `Users` CHANGE `favourite_movies` `favourite_movies` VARCHAR(255);

[07-03-2021 12:48:43] [DEBUG] sql - Executing (default): ALTER TABLE `Users` CHANGE `authenticated` `authenticated` TINYINT(1) NOT NULL;

[07-03-2021 12:48:43] [DEBUG] sql - Executing (default): ALTER TABLE `Users` CHANGE `createdAt` `createdAt` DATETIME NOT NULL;

[07-03-2021 12:48:43] [DEBUG] sql - Executing (default): SHOW INDEX FROM `Users`

[07-03-2021 12:48:44] [DEBUG] sql - Executing (default): CREATE TABLE IF NOT EXISTS `Users` (`id` INTEGER NOT NULL auto_increment , `firstName` VARCHAR(255) NOT NULL, `lastName` VARCHAR(255) NOT NULL, `favourite_movies` VARCHAR(255), `authenticated` TINYINT(1) NOT NULL, `createdAt` DATETIME NOT NULL, PRIMARY KEY (`id`)) ENGINE=InnoDB;

[07-03-2021 12:48:44] [DEBUG] sql - Executing (default): SHOW FULL COLUMNS FROM `Users`;

[07-03-2021 12:48:44] [DEBUG] sql - Executing (default): SELECT CONSTRAINT_NAME as constraint_name,CONSTRAINT_NAME as constraintName,CONSTRAINT_SCHEMA as constraintSchema,CONSTRAINT_SCHEMA as constraintCatalog,TABLE_NAME as tableName,TABLE_SCHEMA as tableSchema,TABLE_SCHEMA as tableCatalog,COLUMN_NAME as columnName,REFERENCED_TABLE_SCHEMA as referencedTableSchema,REFERENCED_TABLE_SCHEMA as referencedTableCatalog,REFERENCED_TABLE_NAME as referencedTableName,REFERENCED_COLUMN_NAME as referencedColumnName FROM INFORMATION_SCHEMA.KEY_COLUMN_USAGE where TABLE_NAME = 'Users' AND CONSTRAINT_NAME!='PRIMARY' AND CONSTRAINT_SCHEMA='movie-app' AND REFERENCED_TABLE_NAME IS NOT NULL;

[07-03-2021 12:48:44] [DEBUG] sql - Executing (default): ALTER TABLE `Users` CHANGE `firstName` `firstName` VARCHAR(255) NOT NULL;

[07-03-2021 12:48:44] [DEBUG] sql - Executing (default): ALTER TABLE `Users` CHANGE `lastName` `lastName` VARCHAR(255) NOT NULL;

[07-03-2021 12:48:45] [DEBUG] sql - Executing (default): ALTER TABLE `Users` CHANGE `favourite_movies` `favourite_movies` VARCHAR(255);

[07-03-2021 12:48:45] [DEBUG] sql - Executing (default): ALTER TABLE `Users` CHANGE `authenticated` `authenticated` TINYINT(1) NOT NULL;

[07-03-2021 12:48:45] [DEBUG] sql - Executing (default): ALTER TABLE `Users` CHANGE `createdAt` `createdAt` DATETIME NOT NULL;

[07-03-2021 12:48:45] [DEBUG] sql - Executing (default): SHOW INDEX FROM `Users`

[07-03-2021 12:48:47] [DEBUG] sql - Executing (default): CREATE TABLE IF NOT EXISTS `Users` (`id` INTEGER NOT NULL auto_increment , `firstName` VARCHAR(255) NOT NULL, `lastName` VARCHAR(255) NOT NULL, `favourite_movies` VARCHAR(255), `authenticated` TINYINT(1) NOT NULL, `createdAt` DATETIME NOT NULL, PRIMARY KEY (`id`)) ENGINE=InnoDB;

[07-03-2021 12:48:47] [DEBUG] sql - Executing (default): SHOW FULL COLUMNS FROM `Users`;

[07-03-2021 12:48:47] [DEBUG] sql - Executing (default): SELECT CONSTRAINT_NAME as constraint_name,CONSTRAINT_NAME as constraintName,CONSTRAINT_SCHEMA as constraintSchema,CONSTRAINT_SCHEMA as constraintCatalog,TABLE_NAME as tableName,TABLE_SCHEMA as tableSchema,TABLE_SCHEMA as tableCatalog,COLUMN_NAME as columnName,REFERENCED_TABLE_SCHEMA as referencedTableSchema,REFERENCED_TABLE_SCHEMA as referencedTableCatalog,REFERENCED_TABLE_NAME as referencedTableName,REFERENCED_COLUMN_NAME as referencedColumnName FROM INFORMATION_SCHEMA.KEY_COLUMN_USAGE where TABLE_NAME = 'Users' AND CONSTRAINT_NAME!='PRIMARY' AND CONSTRAINT_SCHEMA='movie-app' AND REFERENCED_TABLE_NAME IS NOT NULL;

[07-03-2021 12:48:47] [DEBUG] sql - Executing (default): ALTER TABLE `Users` CHANGE `firstName` `firstName` VARCHAR(255) NOT NULL;

[07-03-2021 12:48:47] [DEBUG] sql - Executing (default): ALTER TABLE `Users` CHANGE `lastName` `lastName` VARCHAR(255) NOT NULL;

[07-03-2021 12:48:47] [DEBUG] sql - Executing (default): ALTER TABLE `Users` CHANGE `favourite_movies` `favourite_movies` VARCHAR(255);

[07-03-2021 12:48:47] [DEBUG] sql - Executing (default): ALTER TABLE `Users` CHANGE `authenticated` `authenticated` TINYINT(1) NOT NULL;

[07-03-2021 12:48:48] [DEBUG] sql - Executing (default): ALTER TABLE `Users` CHANGE `createdAt` `createdAt` DATETIME NOT NULL;

[07-03-2021 12:48:48] [DEBUG] sql - Executing (default): SHOW INDEX FROM `Users`

[07-03-2021 12:48:48] [DEBUG] sql - Executing (default): INSERT INTO `Users` (`id`,`firstName`,`lastName`,`favourite_movies`,`authenticated`,`createdAt`) VALUES (NULL,'Anona','Cruz','tt0848228,tt4154756,tt2395427,tt4154796',true,'2021-03-07 12:48:48'),(NULL,'Camilla','Sayer','tt4154756,tt10515848,tt0120575',false,'2021-03-07 12:48:48'),(NULL,'Ganesh','Zentai','tt0287871,tt2975590,tt0103776,tt4116284,tt2313197',false,'2021-03-07 12:48:48'),(NULL,'Vivien','Straub','tt0926084,tt0417741',false,'2021-03-07 12:48:48'),(NULL,'Bernardita','Bishop','tt0389860',false,'2021-03-07 12:48:48');

[07-03-2021 12:48:50] [DEBUG] sql - Executing (default): CREATE TABLE IF NOT EXISTS `Users` (`id` INTEGER NOT NULL auto_increment , `firstName` VARCHAR(255) NOT NULL, `lastName` VARCHAR(255) NOT NULL, `favourite_movies` VARCHAR(255), `authenticated` TINYINT(1) NOT NULL, `createdAt` DATETIME NOT NULL, PRIMARY KEY (`id`)) ENGINE=InnoDB;

[07-03-2021 12:48:50] [DEBUG] sql - Executing (default): SHOW FULL COLUMNS FROM `Users`;

[07-03-2021 12:48:50] [DEBUG] sql - Executing (default): SELECT CONSTRAINT_NAME as constraint_name,CONSTRAINT_NAME as constraintName,CONSTRAINT_SCHEMA as constraintSchema,CONSTRAINT_SCHEMA as constraintCatalog,TABLE_NAME as tableName,TABLE_SCHEMA as tableSchema,TABLE_SCHEMA as tableCatalog,COLUMN_NAME as columnName,REFERENCED_TABLE_SCHEMA as referencedTableSchema,REFERENCED_TABLE_SCHEMA as referencedTableCatalog,REFERENCED_TABLE_NAME as referencedTableName,REFERENCED_COLUMN_NAME as referencedColumnName FROM INFORMATION_SCHEMA.KEY_COLUMN_USAGE where TABLE_NAME = 'Users' AND CONSTRAINT_NAME!='PRIMARY' AND CONSTRAINT_SCHEMA='movie-app' AND REFERENCED_TABLE_NAME IS NOT NULL;

[07-03-2021 12:48:50] [DEBUG] sql - Executing (default): ALTER TABLE `Users` CHANGE `firstName` `firstName` VARCHAR(255) NOT NULL;

[07-03-2021 12:48:50] [DEBUG] sql - Executing (default): ALTER TABLE `Users` CHANGE `lastName` `lastName` VARCHAR(255) NOT NULL;

[07-03-2021 12:48:50] [DEBUG] sql - Executing (default): ALTER TABLE `Users` CHANGE `favourite_movies` `favourite_movies` VARCHAR(255);

[07-03-2021 12:48:50] [DEBUG] sql - Executing (default): ALTER TABLE `Users` CHANGE `authenticated` `authenticated` TINYINT(1) NOT NULL;

[07-03-2021 12:48:50] [DEBUG] sql - Executing (default): ALTER TABLE `Users` CHANGE `createdAt` `createdAt` DATETIME NOT NULL;

[07-03-2021 12:48:50] [DEBUG] sql - Executing (default): SHOW INDEX FROM `Users`

[07-03-2021 12:48:51] [DEBUG] sql - Executing (default): INSERT INTO `Users` (`id`,`firstName`,`lastName`,`favourite_movies`,`authenticated`,`createdAt`) VALUES (NULL,'Anona','Cruz','tt0848228,tt4154756,tt2395427,tt4154796',true,'2021-03-07 12:48:51'),(NULL,'Camilla','Sayer','tt4154756,tt10515848,tt0120575',false,'2021-03-07 12:48:51'),(NULL,'Ganesh','Zentai','tt0287871,tt2975590,tt0103776,tt4116284,tt2313197',false,'2021-03-07 12:48:51'),(NULL,'Vivien','Straub','tt0926084,tt0417741',false,'2021-03-07 12:48:51'),(NULL,'Bernardita','Bishop','tt0389860',false,'2021-03-07 12:48:51');

[07-03-2021 12:48:58] [DEBUG] sql - Executing (default): CREATE TABLE IF NOT EXISTS `Users` (`id` INTEGER NOT NULL auto_increment , `firstName` VARCHAR(255) NOT NULL, `lastName` VARCHAR(255) NOT NULL, `favourite_movies` VARCHAR(255), `authenticated` TINYINT(1) NOT NULL, `createdAt` DATETIME NOT NULL, PRIMARY KEY (`id`)) ENGINE=InnoDB;

[07-03-2021 12:48:58] [DEBUG] sql - Executing (default): SHOW FULL COLUMNS FROM `Users`;

[07-03-2021 12:48:58] [DEBUG] sql - Executing (default): SELECT CONSTRAINT_NAME as constraint_name,CONSTRAINT_NAME as constraintName,CONSTRAINT_SCHEMA as constraintSchema,CONSTRAINT_SCHEMA as constraintCatalog,TABLE_NAME as tableName,TABLE_SCHEMA as tableSchema,TABLE_SCHEMA as tableCatalog,COLUMN_NAME as columnName,REFERENCED_TABLE_SCHEMA as referencedTableSchema,REFERENCED_TABLE_SCHEMA as referencedTableCatalog,REFERENCED_TABLE_NAME as referencedTableName,REFERENCED_COLUMN_NAME as referencedColumnName FROM INFORMATION_SCHEMA.KEY_COLUMN_USAGE where TABLE_NAME = 'Users' AND CONSTRAINT_NAME!='PRIMARY' AND CONSTRAINT_SCHEMA='movie-app' AND REFERENCED_TABLE_NAME IS NOT NULL;

[07-03-2021 12:48:58] [DEBUG] sql - Executing (default): ALTER TABLE `Users` CHANGE `firstName` `firstName` VARCHAR(255) NOT NULL;

[07-03-2021 12:48:58] [DEBUG] sql - Executing (default): ALTER TABLE `Users` CHANGE `lastName` `lastName` VARCHAR(255) NOT NULL;

[07-03-2021 12:48:58] [DEBUG] sql - Executing (default): ALTER TABLE `Users` CHANGE `favourite_movies` `favourite_movies` VARCHAR(255);

[07-03-2021 12:48:58] [DEBUG] sql - Executing (default): ALTER TABLE `Users` CHANGE `authenticated` `authenticated` TINYINT(1) NOT NULL;

[07-03-2021 12:48:58] [DEBUG] sql - Executing (default): ALTER TABLE `Users` CHANGE `createdAt` `createdAt` DATETIME NOT NULL;

[07-03-2021 12:48:58] [DEBUG] sql - Executing (default): SHOW INDEX FROM `Users`

[07-03-2021 12:48:58] [DEBUG] sql - Executing (default): INSERT INTO `Users` (`id`,`firstName`,`lastName`,`favourite_movies`,`authenticated`,`createdAt`) VALUES (NULL,'Anona','Cruz','tt0848228,tt4154756,tt2395427,tt4154796',true,'2021-03-07 12:48:58'),(NULL,'Camilla','Sayer','tt4154756,tt10515848,tt0120575',false,'2021-03-07 12:48:58'),(NULL,'Ganesh','Zentai','tt0287871,tt2975590,tt0103776,tt4116284,tt2313197',false,'2021-03-07 12:48:58'),(NULL,'Vivien','Straub','tt0926084,tt0417741',false,'2021-03-07 12:48:58'),(NULL,'Bernardita','Bishop','tt0389860',false,'2021-03-07 12:48:58');

[07-03-2021 12:49:04] [DEBUG] sql - Executing (default): CREATE TABLE IF NOT EXISTS `Users` (`id` INTEGER NOT NULL auto_increment , `firstName` VARCHAR(255) NOT NULL, `lastName` VARCHAR(255) NOT NULL, `favourite_movies` VARCHAR(255), `authenticated` TINYINT(1) NOT NULL, `createdAt` DATETIME NOT NULL, PRIMARY KEY (`id`)) ENGINE=InnoDB;

[07-03-2021 12:49:04] [DEBUG] sql - Executing (default): SHOW FULL COLUMNS FROM `Users`;

[07-03-2021 12:49:04] [DEBUG] sql - Executing (default): SELECT CONSTRAINT_NAME as constraint_name,CONSTRAINT_NAME as constraintName,CONSTRAINT_SCHEMA as constraintSchema,CONSTRAINT_SCHEMA as constraintCatalog,TABLE_NAME as tableName,TABLE_SCHEMA as tableSchema,TABLE_SCHEMA as tableCatalog,COLUMN_NAME as columnName,REFERENCED_TABLE_SCHEMA as referencedTableSchema,REFERENCED_TABLE_SCHEMA as referencedTableCatalog,REFERENCED_TABLE_NAME as referencedTableName,REFERENCED_COLUMN_NAME as referencedColumnName FROM INFORMATION_SCHEMA.KEY_COLUMN_USAGE where TABLE_NAME = 'Users' AND CONSTRAINT_NAME!='PRIMARY' AND CONSTRAINT_SCHEMA='movie-app' AND REFERENCED_TABLE_NAME IS NOT NULL;

[07-03-2021 12:49:04] [DEBUG] sql - Executing (default): ALTER TABLE `Users` CHANGE `firstName` `firstName` VARCHAR(255) NOT NULL;

[07-03-2021 12:49:04] [DEBUG] sql - Executing (default): ALTER TABLE `Users` CHANGE `lastName` `lastName` VARCHAR(255) NOT NULL;

[07-03-2021 12:49:04] [DEBUG] sql - Executing (default): ALTER TABLE `Users` CHANGE `favourite_movies` `favourite_movies` VARCHAR(255);

[07-03-2021 12:49:04] [DEBUG] sql - Executing (default): ALTER TABLE `Users` CHANGE `authenticated` `authenticated` TINYINT(1) NOT NULL;

[07-03-2021 12:49:04] [DEBUG] sql - Executing (default): ALTER TABLE `Users` CHANGE `createdAt` `createdAt` DATETIME NOT NULL;

[07-03-2021 12:49:04] [DEBUG] sql - Executing (default): SHOW INDEX FROM `Users`

[07-03-2021 12:49:04] [DEBUG] sql - Executing (default): INSERT INTO `Users` (`id`,`firstName`,`lastName`,`favourite_movies`,`authenticated`,`createdAt`) VALUES (NULL,'Anona','Cruz','tt0848228,tt4154756,tt2395427,tt4154796',true,'2021-03-07 12:49:04'),(NULL,'Camilla','Sayer','tt4154756,tt10515848,tt0120575',false,'2021-03-07 12:49:04'),(NULL,'Ganesh','Zentai','tt0287871,tt2975590,tt0103776,tt4116284,tt2313197',false,'2021-03-07 12:49:04'),(NULL,'Vivien','Straub','tt0926084,tt0417741',false,'2021-03-07 12:49:04'),(NULL,'Bernardita','Bishop','tt0389860',false,'2021-03-07 12:49:04');

[07-03-2021 12:49:57] [DEBUG] sql - Executing (default): CREATE TABLE IF NOT EXISTS `Users` (`id` INTEGER NOT NULL auto_increment , `firstName` VARCHAR(255) NOT NULL, `lastName` VARCHAR(255) NOT NULL, `favourite_movies` VARCHAR(255), `authenticated` TINYINT(1) NOT NULL, `createdAt` DATETIME NOT NULL, PRIMARY KEY (`id`)) ENGINE=InnoDB;

[07-03-2021 12:49:57] [DEBUG] sql - Executing (default): SHOW FULL COLUMNS FROM `Users`;

[07-03-2021 12:49:57] [DEBUG] sql - Executing (default): SELECT CONSTRAINT_NAME as constraint_name,CONSTRAINT_NAME as constraintName,CONSTRAINT_SCHEMA as constraintSchema,CONSTRAINT_SCHEMA as constraintCatalog,TABLE_NAME as tableName,TABLE_SCHEMA as tableSchema,TABLE_SCHEMA as tableCatalog,COLUMN_NAME as columnName,REFERENCED_TABLE_SCHEMA as referencedTableSchema,REFERENCED_TABLE_SCHEMA as referencedTableCatalog,REFERENCED_TABLE_NAME as referencedTableName,REFERENCED_COLUMN_NAME as referencedColumnName FROM INFORMATION_SCHEMA.KEY_COLUMN_USAGE where TABLE_NAME = 'Users' AND CONSTRAINT_NAME!='PRIMARY' AND CONSTRAINT_SCHEMA='movie-app' AND REFERENCED_TABLE_NAME IS NOT NULL;

[07-03-2021 12:49:57] [DEBUG] sql - Executing (default): ALTER TABLE `Users` CHANGE `firstName` `firstName` VARCHAR(255) NOT NULL;

[07-03-2021 12:49:57] [DEBUG] sql - Executing (default): ALTER TABLE `Users` CHANGE `lastName` `lastName` VARCHAR(255) NOT NULL;

[07-03-2021 12:49:57] [DEBUG] sql - Executing (default): ALTER TABLE `Users` CHANGE `favourite_movies` `favourite_movies` VARCHAR(255);

[07-03-2021 12:49:57] [DEBUG] sql - Executing (default): ALTER TABLE `Users` CHANGE `authenticated` `authenticated` TINYINT(1) NOT NULL;

[07-03-2021 12:49:57] [DEBUG] sql - Executing (default): ALTER TABLE `Users` CHANGE `createdAt` `createdAt` DATETIME NOT NULL;

[07-03-2021 12:49:57] [DEBUG] sql - Executing (default): SHOW INDEX FROM `Users`

[07-03-2021 12:49:57] [DEBUG] sql - Executing (default): INSERT INTO `Users` (`id`,`firstName`,`lastName`,`favourite_movies`,`authenticated`,`createdAt`) VALUES (NULL,'Anona','Cruz','tt0848228,tt4154756,tt2395427,tt4154796',true,'2021-03-07 12:49:57'),(NULL,'Camilla','Sayer','tt4154756,tt10515848,tt0120575',false,'2021-03-07 12:49:57'),(NULL,'Ganesh','Zentai','tt0287871,tt2975590,tt0103776,tt4116284,tt2313197',false,'2021-03-07 12:49:57'),(NULL,'Vivien','Straub','tt0926084,tt0417741',false,'2021-03-07 12:49:57'),(NULL,'Bernardita','Bishop','tt0389860',false,'2021-03-07 12:49:57');

[07-03-2021 12:50:51] [DEBUG] sql - Executing (default): CREATE TABLE IF NOT EXISTS `Users` (`id` INTEGER NOT NULL auto_increment , `firstName` VARCHAR(255) NOT NULL, `lastName` VARCHAR(255) NOT NULL, `favourite_movies` VARCHAR(255), `authenticated` TINYINT(1) NOT NULL, `createdAt` DATETIME NOT NULL, PRIMARY KEY (`id`)) ENGINE=InnoDB;

[07-03-2021 12:50:51] [DEBUG] sql - Executing (default): SHOW FULL COLUMNS FROM `Users`;

[07-03-2021 12:50:51] [DEBUG] sql - Executing (default): SELECT CONSTRAINT_NAME as constraint_name,CONSTRAINT_NAME as constraintName,CONSTRAINT_SCHEMA as constraintSchema,CONSTRAINT_SCHEMA as constraintCatalog,TABLE_NAME as tableName,TABLE_SCHEMA as tableSchema,TABLE_SCHEMA as tableCatalog,COLUMN_NAME as columnName,REFERENCED_TABLE_SCHEMA as referencedTableSchema,REFERENCED_TABLE_SCHEMA as referencedTableCatalog,REFERENCED_TABLE_NAME as referencedTableName,REFERENCED_COLUMN_NAME as referencedColumnName FROM INFORMATION_SCHEMA.KEY_COLUMN_USAGE where TABLE_NAME = 'Users' AND CONSTRAINT_NAME!='PRIMARY' AND CONSTRAINT_SCHEMA='movie-app' AND REFERENCED_TABLE_NAME IS NOT NULL;

[07-03-2021 12:50:51] [DEBUG] sql - Executing (default): ALTER TABLE `Users` CHANGE `firstName` `firstName` VARCHAR(255) NOT NULL;

[07-03-2021 12:50:51] [DEBUG] sql - Executing (default): ALTER TABLE `Users` CHANGE `lastName` `lastName` VARCHAR(255) NOT NULL;

[07-03-2021 12:50:51] [DEBUG] sql - Executing (default): ALTER TABLE `Users` CHANGE `favourite_movies` `favourite_movies` VARCHAR(255);

[07-03-2021 12:50:51] [DEBUG] sql - Executing (default): ALTER TABLE `Users` CHANGE `authenticated` `authenticated` TINYINT(1) NOT NULL;

[07-03-2021 12:50:51] [DEBUG] sql - Executing (default): ALTER TABLE `Users` CHANGE `createdAt` `createdAt` DATETIME NOT NULL;

[07-03-2021 12:50:51] [DEBUG] sql - Executing (default): SHOW INDEX FROM `Users`

[07-03-2021 12:50:51] [DEBUG] sql - Executing (default): INSERT INTO `Users` (`id`,`firstName`,`lastName`,`favourite_movies`,`authenticated`,`createdAt`) VALUES (NULL,'Anona','Cruz','tt0848228,tt4154756,tt2395427,tt4154796',true,'2021-03-07 12:50:51'),(NULL,'Camilla','Sayer','tt4154756,tt10515848,tt0120575',false,'2021-03-07 12:50:51'),(NULL,'Ganesh','Zentai','tt0287871,tt2975590,tt0103776,tt4116284,tt2313197',false,'2021-03-07 12:50:51'),(NULL,'Vivien','Straub','tt0926084,tt0417741',false,'2021-03-07 12:50:51'),(NULL,'Bernardita','Bishop','tt0389860',false,'2021-03-07 12:50:51');

[07-03-2021 12:50:57] [DEBUG] sql - Executing (default): CREATE TABLE IF NOT EXISTS `Users` (`id` INTEGER NOT NULL auto_increment , `firstName` VARCHAR(255) NOT NULL, `lastName` VARCHAR(255) NOT NULL, `favourite_movies` VARCHAR(255), `authenticated` TINYINT(1) NOT NULL, `createdAt` DATETIME NOT NULL, PRIMARY KEY (`id`)) ENGINE=InnoDB;

[07-03-2021 12:50:57] [DEBUG] sql - Executing (default): SHOW FULL COLUMNS FROM `Users`;

[07-03-2021 12:50:57] [DEBUG] sql - Executing (default): SELECT CONSTRAINT_NAME as constraint_name,CONSTRAINT_NAME as constraintName,CONSTRAINT_SCHEMA as constraintSchema,CONSTRAINT_SCHEMA as constraintCatalog,TABLE_NAME as tableName,TABLE_SCHEMA as tableSchema,TABLE_SCHEMA as tableCatalog,COLUMN_NAME as columnName,REFERENCED_TABLE_SCHEMA as referencedTableSchema,REFERENCED_TABLE_SCHEMA as referencedTableCatalog,REFERENCED_TABLE_NAME as referencedTableName,REFERENCED_COLUMN_NAME as referencedColumnName FROM INFORMATION_SCHEMA.KEY_COLUMN_USAGE where TABLE_NAME = 'Users' AND CONSTRAINT_NAME!='PRIMARY' AND CONSTRAINT_SCHEMA='movie-app' AND REFERENCED_TABLE_NAME IS NOT NULL;

[07-03-2021 12:50:57] [DEBUG] sql - Executing (default): ALTER TABLE `Users` CHANGE `firstName` `firstName` VARCHAR(255) NOT NULL;

[07-03-2021 12:50:57] [DEBUG] sql - Executing (default): ALTER TABLE `Users` CHANGE `lastName` `lastName` VARCHAR(255) NOT NULL;

[07-03-2021 12:50:57] [DEBUG] sql - Executing (default): ALTER TABLE `Users` CHANGE `favourite_movies` `favourite_movies` VARCHAR(255);

[07-03-2021 12:50:57] [DEBUG] sql - Executing (default): ALTER TABLE `Users` CHANGE `authenticated` `authenticated` TINYINT(1) NOT NULL;

[07-03-2021 12:50:57] [DEBUG] sql - Executing (default): ALTER TABLE `Users` CHANGE `createdAt` `createdAt` DATETIME NOT NULL;

[07-03-2021 12:50:57] [DEBUG] sql - Executing (default): SHOW INDEX FROM `Users`

[07-03-2021 12:50:57] [DEBUG] sql - Executing (default): INSERT INTO `Users` (`id`,`firstName`,`lastName`,`favourite_movies`,`authenticated`,`createdAt`) VALUES (NULL,'Anona','Cruz','tt0848228,tt4154756,tt2395427,tt4154796',true,'2021-03-07 12:50:57'),(NULL,'Camilla','Sayer','tt4154756,tt10515848,tt0120575',false,'2021-03-07 12:50:57'),(NULL,'Ganesh','Zentai','tt0287871,tt2975590,tt0103776,tt4116284,tt2313197',false,'2021-03-07 12:50:57'),(NULL,'Vivien','Straub','tt0926084,tt0417741',false,'2021-03-07 12:50:57'),(NULL,'Bernardita','Bishop','tt0389860',false,'2021-03-07 12:50:57');

[07-03-2021 12:51:20] [DEBUG] sql - Executing (default): CREATE TABLE IF NOT EXISTS `Users` (`id` INTEGER NOT NULL auto_increment , `firstName` VARCHAR(255) NOT NULL, `lastName` VARCHAR(255) NOT NULL, `favourite_movies` VARCHAR(255), `authenticated` TINYINT(1) NOT NULL, `createdAt` DATETIME NOT NULL, PRIMARY KEY (`id`)) ENGINE=InnoDB;

[07-03-2021 12:51:20] [DEBUG] sql - Executing (default): SHOW FULL COLUMNS FROM `Users`;

[07-03-2021 12:51:20] [DEBUG] sql - Executing (default): SELECT CONSTRAINT_NAME as constraint_name,CONSTRAINT_NAME as constraintName,CONSTRAINT_SCHEMA as constraintSchema,CONSTRAINT_SCHEMA as constraintCatalog,TABLE_NAME as tableName,TABLE_SCHEMA as tableSchema,TABLE_SCHEMA as tableCatalog,COLUMN_NAME as columnName,REFERENCED_TABLE_SCHEMA as referencedTableSchema,REFERENCED_TABLE_SCHEMA as referencedTableCatalog,REFERENCED_TABLE_NAME as referencedTableName,REFERENCED_COLUMN_NAME as referencedColumnName FROM INFORMATION_SCHEMA.KEY_COLUMN_USAGE where TABLE_NAME = 'Users' AND CONSTRAINT_NAME!='PRIMARY' AND CONSTRAINT_SCHEMA='movie-app' AND REFERENCED_TABLE_NAME IS NOT NULL;

[07-03-2021 12:51:20] [DEBUG] sql - Executing (default): ALTER TABLE `Users` CHANGE `firstName` `firstName` VARCHAR(255) NOT NULL;

[07-03-2021 12:51:20] [DEBUG] sql - Executing (default): ALTER TABLE `Users` CHANGE `lastName` `lastName` VARCHAR(255) NOT NULL;

[07-03-2021 12:51:20] [DEBUG] sql - Executing (default): ALTER TABLE `Users` CHANGE `favourite_movies` `favourite_movies` VARCHAR(255);

[07-03-2021 12:51:20] [DEBUG] sql - Executing (default): ALTER TABLE `Users` CHANGE `authenticated` `authenticated` TINYINT(1) NOT NULL;

[07-03-2021 12:51:20] [DEBUG] sql - Executing (default): ALTER TABLE `Users` CHANGE `createdAt` `createdAt` DATETIME NOT NULL;

[07-03-2021 12:51:20] [DEBUG] sql - Executing (default): SHOW INDEX FROM `Users`

[07-03-2021 12:51:25] [DEBUG] sql - Executing (default): CREATE TABLE IF NOT EXISTS `Users` (`id` INTEGER NOT NULL auto_increment , `firstName` VARCHAR(255) NOT NULL, `lastName` VARCHAR(255) NOT NULL, `favourite_movies` VARCHAR(255), `authenticated` TINYINT(1) NOT NULL, `createdAt` DATETIME NOT NULL, PRIMARY KEY (`id`)) ENGINE=InnoDB;

[07-03-2021 12:51:25] [DEBUG] sql - Executing (default): SHOW FULL COLUMNS FROM `Users`;

[07-03-2021 12:51:25] [DEBUG] sql - Executing (default): SELECT CONSTRAINT_NAME as constraint_name,CONSTRAINT_NAME as constraintName,CONSTRAINT_SCHEMA as constraintSchema,CONSTRAINT_SCHEMA as constraintCatalog,TABLE_NAME as tableName,TABLE_SCHEMA as tableSchema,TABLE_SCHEMA as tableCatalog,COLUMN_NAME as columnName,REFERENCED_TABLE_SCHEMA as referencedTableSchema,REFERENCED_TABLE_SCHEMA as referencedTableCatalog,REFERENCED_TABLE_NAME as referencedTableName,REFERENCED_COLUMN_NAME as referencedColumnName FROM INFORMATION_SCHEMA.KEY_COLUMN_USAGE where TABLE_NAME = 'Users' AND CONSTRAINT_NAME!='PRIMARY' AND CONSTRAINT_SCHEMA='movie-app' AND REFERENCED_TABLE_NAME IS NOT NULL;

[07-03-2021 12:51:25] [DEBUG] sql - Executing (default): ALTER TABLE `Users` CHANGE `firstName` `firstName` VARCHAR(255) NOT NULL;

[07-03-2021 12:51:25] [DEBUG] sql - Executing (default): ALTER TABLE `Users` CHANGE `lastName` `lastName` VARCHAR(255) NOT NULL;

[07-03-2021 12:51:25] [DEBUG] sql - Executing (default): ALTER TABLE `Users` CHANGE `favourite_movies` `favourite_movies` VARCHAR(255);

[07-03-2021 12:51:25] [DEBUG] sql - Executing (default): ALTER TABLE `Users` CHANGE `authenticated` `authenticated` TINYINT(1) NOT NULL;

[07-03-2021 12:51:25] [DEBUG] sql - Executing (default): ALTER TABLE `Users` CHANGE `createdAt` `createdAt` DATETIME NOT NULL;

[07-03-2021 12:51:25] [DEBUG] sql - Executing (default): SHOW INDEX FROM `Users`

[07-03-2021 12:51:25] [DEBUG] sql - Executing (default): INSERT INTO `Users` (`id`,`firstName`,`lastName`,`favourite_movies`,`authenticated`,`createdAt`) VALUES (NULL,'Anona','Cruz','tt0848228,tt4154756,tt2395427,tt4154796',true,'2021-03-07 12:51:25'),(NULL,'Camilla','Sayer','tt4154756,tt10515848,tt0120575',false,'2021-03-07 12:51:25'),(NULL,'Ganesh','Zentai','tt0287871,tt2975590,tt0103776,tt4116284,tt2313197',false,'2021-03-07 12:51:25'),(NULL,'Vivien','Straub','tt0926084,tt0417741',false,'2021-03-07 12:51:25'),(NULL,'Bernardita','Bishop','tt0389860',false,'2021-03-07 12:51:25');

[07-03-2021 12:51:27] [DEBUG] sql - Executing (default): CREATE TABLE IF NOT EXISTS `Users` (`id` INTEGER NOT NULL auto_increment , `firstName` VARCHAR(255) NOT NULL, `lastName` VARCHAR(255) NOT NULL, `favourite_movies` VARCHAR(255), `authenticated` TINYINT(1) NOT NULL, `createdAt` DATETIME NOT NULL, PRIMARY KEY (`id`)) ENGINE=InnoDB;

[07-03-2021 12:51:27] [DEBUG] sql - Executing (default): SHOW FULL COLUMNS FROM `Users`;

[07-03-2021 12:51:27] [DEBUG] sql - Executing (default): SELECT CONSTRAINT_NAME as constraint_name,CONSTRAINT_NAME as constraintName,CONSTRAINT_SCHEMA as constraintSchema,CONSTRAINT_SCHEMA as constraintCatalog,TABLE_NAME as tableName,TABLE_SCHEMA as tableSchema,TABLE_SCHEMA as tableCatalog,COLUMN_NAME as columnName,REFERENCED_TABLE_SCHEMA as referencedTableSchema,REFERENCED_TABLE_SCHEMA as referencedTableCatalog,REFERENCED_TABLE_NAME as referencedTableName,REFERENCED_COLUMN_NAME as referencedColumnName FROM INFORMATION_SCHEMA.KEY_COLUMN_USAGE where TABLE_NAME = 'Users' AND CONSTRAINT_NAME!='PRIMARY' AND CONSTRAINT_SCHEMA='movie-app' AND REFERENCED_TABLE_NAME IS NOT NULL;

[07-03-2021 12:51:27] [DEBUG] sql - Executing (default): ALTER TABLE `Users` CHANGE `firstName` `firstName` VARCHAR(255) NOT NULL;

[07-03-2021 12:51:27] [DEBUG] sql - Executing (default): ALTER TABLE `Users` CHANGE `lastName` `lastName` VARCHAR(255) NOT NULL;

[07-03-2021 12:51:27] [DEBUG] sql - Executing (default): ALTER TABLE `Users` CHANGE `favourite_movies` `favourite_movies` VARCHAR(255);

[07-03-2021 12:51:27] [DEBUG] sql - Executing (default): ALTER TABLE `Users` CHANGE `authenticated` `authenticated` TINYINT(1) NOT NULL;

[07-03-2021 12:51:27] [DEBUG] sql - Executing (default): ALTER TABLE `Users` CHANGE `createdAt` `createdAt` DATETIME NOT NULL;

[07-03-2021 12:51:27] [DEBUG] sql - Executing (default): SHOW INDEX FROM `Users`

[07-03-2021 12:51:27] [DEBUG] sql - Executing (default): INSERT INTO `Users` (`id`,`firstName`,`lastName`,`favourite_movies`,`authenticated`,`createdAt`) VALUES (NULL,'Anona','Cruz','tt0848228,tt4154756,tt2395427,tt4154796',true,'2021-03-07 12:51:27'),(NULL,'Camilla','Sayer','tt4154756,tt10515848,tt0120575',false,'2021-03-07 12:51:27'),(NULL,'Ganesh','Zentai','tt0287871,tt2975590,tt0103776,tt4116284,tt2313197',false,'2021-03-07 12:51:27'),(NULL,'Vivien','Straub','tt0926084,tt0417741',false,'2021-03-07 12:51:27'),(NULL,'Bernardita','Bishop','tt0389860',false,'2021-03-07 12:51:27');

[07-03-2021 12:52:32] [DEBUG] sql - Executing (default): CREATE TABLE IF NOT EXISTS `Users` (`id` INTEGER NOT NULL auto_increment , `firstName` VARCHAR(255) NOT NULL, `lastName` VARCHAR(255) NOT NULL, `favourite_movies` VARCHAR(255), `authenticated` TINYINT(1) NOT NULL, `createdAt` DATETIME NOT NULL, PRIMARY KEY (`id`)) ENGINE=InnoDB;

[07-03-2021 12:52:32] [DEBUG] sql - Executing (default): SHOW FULL COLUMNS FROM `Users`;

[07-03-2021 12:52:32] [DEBUG] sql - Executing (default): SELECT CONSTRAINT_NAME as constraint_name,CONSTRAINT_NAME as constraintName,CONSTRAINT_SCHEMA as constraintSchema,CONSTRAINT_SCHEMA as constraintCatalog,TABLE_NAME as tableName,TABLE_SCHEMA as tableSchema,TABLE_SCHEMA as tableCatalog,COLUMN_NAME as columnName,REFERENCED_TABLE_SCHEMA as referencedTableSchema,REFERENCED_TABLE_SCHEMA as referencedTableCatalog,REFERENCED_TABLE_NAME as referencedTableName,REFERENCED_COLUMN_NAME as referencedColumnName FROM INFORMATION_SCHEMA.KEY_COLUMN_USAGE where TABLE_NAME = 'Users' AND CONSTRAINT_NAME!='PRIMARY' AND CONSTRAINT_SCHEMA='movie-app' AND REFERENCED_TABLE_NAME IS NOT NULL;

[07-03-2021 12:52:32] [DEBUG] sql - Executing (default): ALTER TABLE `Users` CHANGE `firstName` `firstName` VARCHAR(255) NOT NULL;

[07-03-2021 12:52:32] [DEBUG] sql - Executing (default): ALTER TABLE `Users` CHANGE `lastName` `lastName` VARCHAR(255) NOT NULL;

[07-03-2021 12:52:32] [DEBUG] sql - Executing (default): ALTER TABLE `Users` CHANGE `favourite_movies` `favourite_movies` VARCHAR(255);

[07-03-2021 12:52:32] [DEBUG] sql - Executing (default): ALTER TABLE `Users` CHANGE `authenticated` `authenticated` TINYINT(1) NOT NULL;

[07-03-2021 12:52:32] [DEBUG] sql - Executing (default): ALTER TABLE `Users` CHANGE `createdAt` `createdAt` DATETIME NOT NULL;

[07-03-2021 12:52:32] [DEBUG] sql - Executing (default): SHOW INDEX FROM `Users`

[07-03-2021 12:52:32] [DEBUG] sql - Executing (default): INSERT INTO `Users` (`id`,`firstName`,`lastName`,`favourite_movies`,`authenticated`,`createdAt`) VALUES (NULL,'Anona','Cruz','tt0848228,tt4154756,tt2395427,tt4154796',true,'2021-03-07 12:52:32'),(NULL,'Camilla','Sayer','tt4154756,tt10515848,tt0120575',false,'2021-03-07 12:52:32'),(NULL,'Ganesh','Zentai','tt0287871,tt2975590,tt0103776,tt4116284,tt2313197',false,'2021-03-07 12:52:32'),(NULL,'Vivien','Straub','tt0926084,tt0417741',false,'2021-03-07 12:52:32'),(NULL,'Bernardita','Bishop','tt0389860',false,'2021-03-07 12:52:32');

[07-03-2021 12:52:47] [DEBUG] sql - Executing (default): CREATE TABLE IF NOT EXISTS `Users` (`id` INTEGER NOT NULL auto_increment , `firstName` VARCHAR(255) NOT NULL, `lastName` VARCHAR(255) NOT NULL, `favourite_movies` VARCHAR(255), `authenticated` TINYINT(1) NOT NULL, `createdAt` DATETIME NOT NULL, PRIMARY KEY (`id`)) ENGINE=InnoDB;

[07-03-2021 12:52:47] [DEBUG] sql - Executing (default): SHOW FULL COLUMNS FROM `Users`;

[07-03-2021 12:52:47] [DEBUG] sql - Executing (default): SELECT CONSTRAINT_NAME as constraint_name,CONSTRAINT_NAME as constraintName,CONSTRAINT_SCHEMA as constraintSchema,CONSTRAINT_SCHEMA as constraintCatalog,TABLE_NAME as tableName,TABLE_SCHEMA as tableSchema,TABLE_SCHEMA as tableCatalog,COLUMN_NAME as columnName,REFERENCED_TABLE_SCHEMA as referencedTableSchema,REFERENCED_TABLE_SCHEMA as referencedTableCatalog,REFERENCED_TABLE_NAME as referencedTableName,REFERENCED_COLUMN_NAME as referencedColumnName FROM INFORMATION_SCHEMA.KEY_COLUMN_USAGE where TABLE_NAME = 'Users' AND CONSTRAINT_NAME!='PRIMARY' AND CONSTRAINT_SCHEMA='movie-app' AND REFERENCED_TABLE_NAME IS NOT NULL;

[07-03-2021 12:52:47] [DEBUG] sql - Executing (default): ALTER TABLE `Users` CHANGE `firstName` `firstName` VARCHAR(255) NOT NULL;

[07-03-2021 12:52:47] [DEBUG] sql - Executing (default): ALTER TABLE `Users` CHANGE `lastName` `lastName` VARCHAR(255) NOT NULL;

[07-03-2021 12:52:47] [DEBUG] sql - Executing (default): ALTER TABLE `Users` CHANGE `favourite_movies` `favourite_movies` VARCHAR(255);

[07-03-2021 12:52:47] [DEBUG] sql - Executing (default): ALTER TABLE `Users` CHANGE `authenticated` `authenticated` TINYINT(1) NOT NULL;

[07-03-2021 12:52:47] [DEBUG] sql - Executing (default): ALTER TABLE `Users` CHANGE `createdAt` `createdAt` DATETIME NOT NULL;

[07-03-2021 12:52:47] [DEBUG] sql - Executing (default): SHOW INDEX FROM `Users`

[07-03-2021 12:52:47] [DEBUG] sql - Executing (default): INSERT INTO `Users` (`id`,`firstName`,`lastName`,`favourite_movies`,`authenticated`,`createdAt`) VALUES (NULL,'Anona','Cruz','tt0848228,tt4154756,tt2395427,tt4154796',true,'2021-03-07 12:52:47'),(NULL,'Camilla','Sayer','tt4154756,tt10515848,tt0120575',false,'2021-03-07 12:52:47'),(NULL,'Ganesh','Zentai','tt0287871,tt2975590,tt0103776,tt4116284,tt2313197',false,'2021-03-07 12:52:47'),(NULL,'Vivien','Straub','tt0926084,tt0417741',false,'2021-03-07 12:52:47'),(NULL,'Bernardita','Bishop','tt0389860',false,'2021-03-07 12:52:47');

[07-03-2021 12:53:13] [DEBUG] sql - Executing (default): CREATE TABLE IF NOT EXISTS `Users` (`id` INTEGER NOT NULL auto_increment , `firstName` VARCHAR(255) NOT NULL, `lastName` VARCHAR(255) NOT NULL, `favourite_movies` VARCHAR(255), `authenticated` TINYINT(1) NOT NULL, `createdAt` DATETIME NOT NULL, PRIMARY KEY (`id`)) ENGINE=InnoDB;

[07-03-2021 12:53:13] [DEBUG] sql - Executing (default): SHOW FULL COLUMNS FROM `Users`;

[07-03-2021 12:53:13] [DEBUG] sql - Executing (default): SELECT CONSTRAINT_NAME as constraint_name,CONSTRAINT_NAME as constraintName,CONSTRAINT_SCHEMA as constraintSchema,CONSTRAINT_SCHEMA as constraintCatalog,TABLE_NAME as tableName,TABLE_SCHEMA as tableSchema,TABLE_SCHEMA as tableCatalog,COLUMN_NAME as columnName,REFERENCED_TABLE_SCHEMA as referencedTableSchema,REFERENCED_TABLE_SCHEMA as referencedTableCatalog,REFERENCED_TABLE_NAME as referencedTableName,REFERENCED_COLUMN_NAME as referencedColumnName FROM INFORMATION_SCHEMA.KEY_COLUMN_USAGE where TABLE_NAME = 'Users' AND CONSTRAINT_NAME!='PRIMARY' AND CONSTRAINT_SCHEMA='movie-app' AND REFERENCED_TABLE_NAME IS NOT NULL;

[07-03-2021 12:53:13] [DEBUG] sql - Executing (default): ALTER TABLE `Users` CHANGE `firstName` `firstName` VARCHAR(255) NOT NULL;

[07-03-2021 12:53:13] [DEBUG] sql - Executing (default): ALTER TABLE `Users` CHANGE `lastName` `lastName` VARCHAR(255) NOT NULL;

[07-03-2021 12:53:13] [DEBUG] sql - Executing (default): ALTER TABLE `Users` CHANGE `favourite_movies` `favourite_movies` VARCHAR(255);

[07-03-2021 12:53:14] [DEBUG] sql - Executing (default): ALTER TABLE `Users` CHANGE `authenticated` `authenticated` TINYINT(1) NOT NULL;

[07-03-2021 12:53:14] [DEBUG] sql - Executing (default): ALTER TABLE `Users` CHANGE `createdAt` `createdAt` DATETIME NOT NULL;

[07-03-2021 12:53:14] [DEBUG] sql - Executing (default): SHOW INDEX FROM `Users`

[07-03-2021 12:53:14] [DEBUG] sql - Executing (default): INSERT INTO `Users` (`id`,`firstName`,`lastName`,`favourite_movies`,`authenticated`,`createdAt`) VALUES (NULL,'Anona','Cruz','tt0848228,tt4154756,tt2395427,tt4154796',true,'2021-03-07 12:53:14'),(NULL,'Camilla','Sayer','tt4154756,tt10515848,tt0120575',false,'2021-03-07 12:53:14'),(NULL,'Ganesh','Zentai','tt0287871,tt2975590,tt0103776,tt4116284,tt2313197',false,'2021-03-07 12:53:14'),(NULL,'Vivien','Straub','tt0926084,tt0417741',false,'2021-03-07 12:53:14'),(NULL,'Bernardita','Bishop','tt0389860',false,'2021-03-07 12:53:14');

[07-03-2021 12:53:16] [DEBUG] sql - Executing (default): SELECT count(*) AS `count` FROM `Users` AS `Users`;

[07-03-2021 12:53:16] [DEBUG] sql - Executing (default): SELECT `id`, `firstName`, `lastName`, `favourite_movies`, `authenticated`, `createdAt` FROM `Users` AS `Users`;

[07-03-2021 12:54:16] [DEBUG] sql - Executing (default): CREATE TABLE IF NOT EXISTS `Users` (`id` INTEGER NOT NULL auto_increment , `firstName` VARCHAR(255) NOT NULL, `lastName` VARCHAR(255) NOT NULL, `favourite_movies` VARCHAR(255), `authenticated` TINYINT(1) NOT NULL, `createdAt` DATETIME NOT NULL, PRIMARY KEY (`id`)) ENGINE=InnoDB;

[07-03-2021 12:54:16] [DEBUG] sql - Executing (default): SHOW FULL COLUMNS FROM `Users`;

[07-03-2021 12:54:16] [DEBUG] sql - Executing (default): SELECT CONSTRAINT_NAME as constraint_name,CONSTRAINT_NAME as constraintName,CONSTRAINT_SCHEMA as constraintSchema,CONSTRAINT_SCHEMA as constraintCatalog,TABLE_NAME as tableName,TABLE_SCHEMA as tableSchema,TABLE_SCHEMA as tableCatalog,COLUMN_NAME as columnName,REFERENCED_TABLE_SCHEMA as referencedTableSchema,REFERENCED_TABLE_SCHEMA as referencedTableCatalog,REFERENCED_TABLE_NAME as referencedTableName,REFERENCED_COLUMN_NAME as referencedColumnName FROM INFORMATION_SCHEMA.KEY_COLUMN_USAGE where TABLE_NAME = 'Users' AND CONSTRAINT_NAME!='PRIMARY' AND CONSTRAINT_SCHEMA='movie-app' AND REFERENCED_TABLE_NAME IS NOT NULL;

[07-03-2021 12:54:16] [DEBUG] sql - Executing (default): ALTER TABLE `Users` CHANGE `firstName` `firstName` VARCHAR(255) NOT NULL;

[07-03-2021 12:54:16] [DEBUG] sql - Executing (default): ALTER TABLE `Users` CHANGE `lastName` `lastName` VARCHAR(255) NOT NULL;

[07-03-2021 12:54:16] [DEBUG] sql - Executing (default): ALTER TABLE `Users` CHANGE `favourite_movies` `favourite_movies` VARCHAR(255);

[07-03-2021 12:54:16] [DEBUG] sql - Executing (default): ALTER TABLE `Users` CHANGE `authenticated` `authenticated` TINYINT(1) NOT NULL;

[07-03-2021 12:54:16] [DEBUG] sql - Executing (default): ALTER TABLE `Users` CHANGE `createdAt` `createdAt` DATETIME NOT NULL;

[07-03-2021 12:54:16] [DEBUG] sql - Executing (default): SHOW INDEX FROM `Users`

[07-03-2021 12:54:16] [DEBUG] sql - Executing (default): INSERT INTO `Users` (`id`,`firstName`,`lastName`,`favourite_movies`,`authenticated`,`createdAt`) VALUES (NULL,'Anona','Cruz','tt0848228,tt4154756,tt2395427,tt4154796',true,'2021-03-07 12:54:16'),(NULL,'Camilla','Sayer','tt4154756,tt10515848,tt0120575',false,'2021-03-07 12:54:16'),(NULL,'Ganesh','Zentai','tt0287871,tt2975590,tt0103776,tt4116284,tt2313197',false,'2021-03-07 12:54:16'),(NULL,'Vivien','Straub','tt0926084,tt0417741',false,'2021-03-07 12:54:16'),(NULL,'Bernardita','Bishop','tt0389860',false,'2021-03-07 12:54:16');

[07-03-2021 12:54:55] [DEBUG] sql - Executing (default): CREATE TABLE IF NOT EXISTS `Users` (`id` INTEGER NOT NULL auto_increment , `firstName` VARCHAR(255) NOT NULL, `lastName` VARCHAR(255) NOT NULL, `favourite_movies` VARCHAR(255), `authenticated` TINYINT(1) NOT NULL, `createdAt` DATETIME NOT NULL, PRIMARY KEY (`id`)) ENGINE=InnoDB;

[07-03-2021 12:54:55] [DEBUG] sql - Executing (default): SHOW FULL COLUMNS FROM `Users`;

[07-03-2021 12:54:55] [DEBUG] sql - Executing (default): SELECT CONSTRAINT_NAME as constraint_name,CONSTRAINT_NAME as constraintName,CONSTRAINT_SCHEMA as constraintSchema,CONSTRAINT_SCHEMA as constraintCatalog,TABLE_NAME as tableName,TABLE_SCHEMA as tableSchema,TABLE_SCHEMA as tableCatalog,COLUMN_NAME as columnName,REFERENCED_TABLE_SCHEMA as referencedTableSchema,REFERENCED_TABLE_SCHEMA as referencedTableCatalog,REFERENCED_TABLE_NAME as referencedTableName,REFERENCED_COLUMN_NAME as referencedColumnName FROM INFORMATION_SCHEMA.KEY_COLUMN_USAGE where TABLE_NAME = 'Users' AND CONSTRAINT_NAME!='PRIMARY' AND CONSTRAINT_SCHEMA='movie-app' AND REFERENCED_TABLE_NAME IS NOT NULL;

[07-03-2021 12:54:55] [DEBUG] sql - Executing (default): ALTER TABLE `Users` CHANGE `firstName` `firstName` VARCHAR(255) NOT NULL;

[07-03-2021 12:54:55] [DEBUG] sql - Executing (default): ALTER TABLE `Users` CHANGE `lastName` `lastName` VARCHAR(255) NOT NULL;

[07-03-2021 12:54:55] [DEBUG] sql - Executing (default): ALTER TABLE `Users` CHANGE `favourite_movies` `favourite_movies` VARCHAR(255);

[07-03-2021 12:54:55] [DEBUG] sql - Executing (default): ALTER TABLE `Users` CHANGE `authenticated` `authenticated` TINYINT(1) NOT NULL;

[07-03-2021 12:54:55] [DEBUG] sql - Executing (default): ALTER TABLE `Users` CHANGE `createdAt` `createdAt` DATETIME NOT NULL;

[07-03-2021 12:54:55] [DEBUG] sql - Executing (default): SHOW INDEX FROM `Users`

[07-03-2021 12:54:56] [DEBUG] sql - Executing (default): INSERT INTO `Users` (`id`,`firstName`,`lastName`,`favourite_movies`,`authenticated`,`createdAt`) VALUES (NULL,'Anona','Cruz','tt0848228,tt4154756,tt2395427,tt4154796',true,'2021-03-07 12:54:55'),(NULL,'Camilla','Sayer','tt4154756,tt10515848,tt0120575',false,'2021-03-07 12:54:55'),(NULL,'Ganesh','Zentai','tt0287871,tt2975590,tt0103776,tt4116284,tt2313197',false,'2021-03-07 12:54:55'),(NULL,'Vivien','Straub','tt0926084,tt0417741',false,'2021-03-07 12:54:55'),(NULL,'Bernardita','Bishop','tt0389860',false,'2021-03-07 12:54:55');

